[0915/201452.795:ERROR:appcenter_api.cc(52)] expecting appcenter url prefix
[0915/201452.796:ERROR:crash_report_database_win.cc(469)] failed to stat report
[0915/201452.796:ERROR:crash_report_database_win.cc(469)] failed to stat report
[0915/201452.796:ERROR:crash_report_database_win.cc(469)] failed to stat report
[0915/201452.796:ERROR:crash_report_database_win.cc(469)] failed to stat report
[0915/201452.796:ERROR:crash_report_database_win.cc(469)] failed to stat report
[0915/201452.796:ERROR:crash_report_database_win.cc(469)] failed to stat report
[0915/201452.796:ERROR:crash_report_database_win.cc(469)] failed to stat report
[0915/201452.796:ERROR:crash_report_database_win.cc(469)] failed to stat report
[0915/201452.796:ERROR:crash_report_database_win.cc(469)] failed to stat report
[0915/201452.796:ERROR:crash_report_database_win.cc(469)] failed to stat report
[0915/201452.796:ERROR:crash_report_database_win.cc(469)] failed to stat report
[0915/201452.796:ERROR:crash_report_database_win.cc(469)] failed to stat report
[0915/201452.796:ERROR:crash_report_database_win.cc(469)] failed to stat report
[0915/201452.796:ERROR:crash_report_database_win.cc(469)] failed to stat report
[0915/201452.796:ERROR:crash_report_database_win.cc(469)] failed to stat report
[0915/201452.796:ERROR:crash_report_database_win.cc(469)] failed to stat report
[0915/201452.797:ERROR:crash_report_database_win.cc(469)] failed to stat report
[0915/201452.797:ERROR:crash_report_database_win.cc(469)] failed to stat report
[0915/201452.797:ERROR:crash_report_database_win.cc(469)] failed to stat report
[0915/201452.797:ERROR:crash_report_database_win.cc(469)] failed to stat report
[0915/201452.797:ERROR:crash_report_database_win.cc(469)] failed to stat report
[0915/201517.533:ERROR:registration_protocol_win.cc(103)] CreateFile: The system cannot find the file specified. (0x2)
[0915/201536.359:ERROR:registration_protocol_win.cc(103)] CreateFile: The system cannot find the file specified. (0x2)
[0915/210852.011:ERROR:appcenter_api.cc(52)] expecting appcenter url prefix
[0915/210852.031:ERROR:crash_report_database_win.cc(469)] failed to stat report
[0915/210852.031:ERROR:crash_report_database_win.cc(469)] failed to stat report
[0915/210852.032:ERROR:crash_report_database_win.cc(469)] failed to stat report
[0915/210852.032:ERROR:crash_report_database_win.cc(469)] failed to stat report
[0915/210852.032:ERROR:crash_report_database_win.cc(469)] failed to stat report
[0915/210852.032:ERROR:crash_report_database_win.cc(469)] failed to stat report
[0915/210852.032:ERROR:crash_report_database_win.cc(469)] failed to stat report
[0915/210852.032:ERROR:crash_report_database_win.cc(469)] failed to stat report
[0915/210852.032:ERROR:crash_report_database_win.cc(469)] failed to stat report
[0915/210852.032:ERROR:crash_report_database_win.cc(469)] failed to stat report
[0915/210852.032:ERROR:crash_report_database_win.cc(469)] failed to stat report
[0915/210852.032:ERROR:crash_report_database_win.cc(469)] failed to stat report
[0915/210852.032:ERROR:crash_report_database_win.cc(469)] failed to stat report
[0915/210852.032:ERROR:crash_report_database_win.cc(469)] failed to stat report
[0915/210852.032:ERROR:crash_report_database_win.cc(469)] failed to stat report
[0915/210852.032:ERROR:crash_report_database_win.cc(469)] failed to stat report
[0915/210852.032:ERROR:crash_report_database_win.cc(469)] failed to stat report
[0915/210852.032:ERROR:crash_report_database_win.cc(469)] failed to stat report
[0915/210852.032:ERROR:crash_report_database_win.cc(469)] failed to stat report
[0915/210852.032:ERROR:crash_report_database_win.cc(469)] failed to stat report
[0915/210852.032:ERROR:crash_report_database_win.cc(469)] failed to stat report
[0915/210854.697:ERROR:registration_protocol_win.cc(103)] CreateFile: The system cannot find the file specified. (0x2)
[0915/211612.501:ERROR:registration_protocol_win.cc(103)] CreateFile: The system cannot find the file specified. (0x2)
[0915/215553.374:ERROR:registration_protocol_win.cc(103)] CreateFile: The system cannot find the file specified. (0x2)
[0916/231601.568:ERROR:persistent_memory_allocator.cc(777)] Corruption detected in shared-memory segment.
[0917/134344.082:ERROR:appcenter_api.cc(52)] expecting appcenter url prefix
[0917/134344.100:ERROR:crash_report_database_win.cc(469)] failed to stat report
[0917/134344.100:ERROR:crash_report_database_win.cc(469)] failed to stat report
[0917/134344.100:ERROR:crash_report_database_win.cc(469)] failed to stat report
[0917/134344.100:ERROR:crash_report_database_win.cc(469)] failed to stat report
[0917/134344.100:ERROR:crash_report_database_win.cc(469)] failed to stat report
[0917/134344.100:ERROR:crash_report_database_win.cc(469)] failed to stat report
[0917/134344.100:ERROR:crash_report_database_win.cc(469)] failed to stat report
[0917/134344.100:ERROR:crash_report_database_win.cc(469)] failed to stat report
[0917/134344.100:ERROR:crash_report_database_win.cc(469)] failed to stat report
[0917/134344.100:ERROR:crash_report_database_win.cc(469)] failed to stat report
[0917/134344.100:ERROR:crash_report_database_win.cc(469)] failed to stat report
[0917/134344.100:ERROR:crash_report_database_win.cc(469)] failed to stat report
[0917/134344.100:ERROR:crash_report_database_win.cc(469)] failed to stat report
[0917/134344.100:ERROR:crash_report_database_win.cc(469)] failed to stat report
[0917/134344.100:ERROR:crash_report_database_win.cc(469)] failed to stat report
[0917/134344.100:ERROR:crash_report_database_win.cc(469)] failed to stat report
[0917/134344.100:ERROR:crash_report_database_win.cc(469)] failed to stat report
[0917/134344.100:ERROR:crash_report_database_win.cc(469)] failed to stat report
[0917/134344.101:ERROR:crash_report_database_win.cc(469)] failed to stat report
[0917/134344.101:ERROR:crash_report_database_win.cc(469)] failed to stat report
[0917/134344.101:ERROR:crash_report_database_win.cc(469)] failed to stat report
[0917/134628.408:ERROR:crash_report_database_win.cc(469)] failed to stat report
[0917/134628.408:ERROR:crash_report_database_win.cc(469)] failed to stat report
[0917/134628.408:ERROR:crash_report_database_win.cc(469)] failed to stat report
[0917/134628.408:ERROR:crash_report_database_win.cc(469)] failed to stat report
[0917/134628.408:ERROR:crash_report_database_win.cc(469)] failed to stat report
[0917/134628.408:ERROR:crash_report_database_win.cc(469)] failed to stat report
[0917/134628.408:ERROR:crash_report_database_win.cc(469)] failed to stat report
[0917/134628.408:ERROR:crash_report_database_win.cc(469)] failed to stat report
[0917/134628.408:ERROR:crash_report_database_win.cc(469)] failed to stat report
[0917/134628.408:ERROR:crash_report_database_win.cc(469)] failed to stat report
[0917/134628.408:ERROR:crash_report_database_win.cc(469)] failed to stat report
[0917/134628.408:ERROR:crash_report_database_win.cc(469)] failed to stat report
[0917/134628.408:ERROR:crash_report_database_win.cc(469)] failed to stat report
[0917/134628.408:ERROR:crash_report_database_win.cc(469)] failed to stat report
[0917/134628.408:ERROR:crash_report_database_win.cc(469)] failed to stat report
[0917/134628.408:ERROR:crash_report_database_win.cc(469)] failed to stat report
[0917/134628.408:ERROR:crash_report_database_win.cc(469)] failed to stat report
[0917/134628.408:ERROR:crash_report_database_win.cc(469)] failed to stat report
[0917/134628.408:ERROR:crash_report_database_win.cc(469)] failed to stat report
[0917/134628.408:ERROR:crash_report_database_win.cc(469)] failed to stat report
[0917/134628.408:ERROR:crash_report_database_win.cc(469)] failed to stat report
[0917/134946.021:ERROR:crash_report_database_win.cc(469)] failed to stat report
[0917/134946.021:ERROR:crash_report_database_win.cc(469)] failed to stat report
[0917/134946.021:ERROR:crash_report_database_win.cc(469)] failed to stat report
[0917/134946.021:ERROR:crash_report_database_win.cc(469)] failed to stat report
[0917/134946.021:ERROR:crash_report_database_win.cc(469)] failed to stat report
[0917/134946.021:ERROR:crash_report_database_win.cc(469)] failed to stat report
[0917/134946.021:ERROR:crash_report_database_win.cc(469)] failed to stat report
[0917/134946.021:ERROR:crash_report_database_win.cc(469)] failed to stat report
[0917/134946.021:ERROR:crash_report_database_win.cc(469)] failed to stat report
[0917/134946.021:ERROR:crash_report_database_win.cc(469)] failed to stat report
[0917/134946.022:ERROR:crash_report_database_win.cc(469)] failed to stat report
[0917/134946.022:ERROR:crash_report_database_win.cc(469)] failed to stat report
[0917/134946.022:ERROR:crash_report_database_win.cc(469)] failed to stat report
[0917/134946.022:ERROR:crash_report_database_win.cc(469)] failed to stat report
[0917/134946.022:ERROR:crash_report_database_win.cc(469)] failed to stat report
[0917/134946.022:ERROR:crash_report_database_win.cc(469)] failed to stat report
[0917/134946.022:ERROR:crash_report_database_win.cc(469)] failed to stat report
[0917/134946.022:ERROR:crash_report_database_win.cc(469)] failed to stat report
[0917/134946.022:ERROR:crash_report_database_win.cc(469)] failed to stat report
[0917/134946.022:ERROR:crash_report_database_win.cc(469)] failed to stat report
[0917/134946.022:ERROR:crash_report_database_win.cc(469)] failed to stat report
[0917/135344.101:ERROR:crash_report_database_win.cc(469)] failed to stat report
[0917/135344.101:ERROR:crash_report_database_win.cc(469)] failed to stat report
[0917/135344.101:ERROR:crash_report_database_win.cc(469)] failed to stat report
[0917/135344.101:ERROR:crash_report_database_win.cc(469)] failed to stat report
[0917/135344.101:ERROR:crash_report_database_win.cc(469)] failed to stat report
[0917/135344.101:ERROR:crash_report_database_win.cc(469)] failed to stat report
[0917/135344.101:ERROR:crash_report_database_win.cc(469)] failed to stat report
[0917/135344.101:ERROR:crash_report_database_win.cc(469)] failed to stat report
[0917/135344.101:ERROR:crash_report_database_win.cc(469)] failed to stat report
[0917/135344.101:ERROR:crash_report_database_win.cc(469)] failed to stat report
[0917/135344.101:ERROR:crash_report_database_win.cc(469)] failed to stat report
[0917/135344.101:ERROR:crash_report_database_win.cc(469)] failed to stat report
[0917/135344.101:ERROR:crash_report_database_win.cc(469)] failed to stat report
[0917/135344.102:ERROR:crash_report_database_win.cc(469)] failed to stat report
[0917/135344.102:ERROR:crash_report_database_win.cc(469)] failed to stat report
[0917/135344.102:ERROR:crash_report_database_win.cc(469)] failed to stat report
[0917/135344.102:ERROR:crash_report_database_win.cc(469)] failed to stat report
[0917/135344.102:ERROR:crash_report_database_win.cc(469)] failed to stat report
[0917/135344.102:ERROR:crash_report_database_win.cc(469)] failed to stat report
[0917/135344.102:ERROR:crash_report_database_win.cc(469)] failed to stat report
[0917/135344.102:ERROR:crash_report_database_win.cc(469)] failed to stat report
[0917/135344.104:ERROR:crash_report_database_win.cc(469)] failed to stat report
[0917/135344.104:ERROR:crash_report_database_win.cc(469)] failed to stat report
[0917/135344.104:ERROR:crash_report_database_win.cc(469)] failed to stat report
[0917/135344.104:ERROR:crash_report_database_win.cc(469)] failed to stat report
[0917/135344.104:ERROR:crash_report_database_win.cc(469)] failed to stat report
[0917/135344.104:ERROR:crash_report_database_win.cc(469)] failed to stat report
[0917/135344.104:ERROR:crash_report_database_win.cc(469)] failed to stat report
[0917/135344.104:ERROR:crash_report_database_win.cc(469)] failed to stat report
[0917/135344.104:ERROR:crash_report_database_win.cc(469)] failed to stat report
[0917/135344.104:ERROR:crash_report_database_win.cc(469)] failed to stat report
[0917/135344.104:ERROR:crash_report_database_win.cc(469)] failed to stat report
[0917/135344.104:ERROR:crash_report_database_win.cc(469)] failed to stat report
[0917/135344.104:ERROR:crash_report_database_win.cc(469)] failed to stat report
[0917/135344.104:ERROR:crash_report_database_win.cc(469)] failed to stat report
[0917/135344.104:ERROR:crash_report_database_win.cc(469)] failed to stat report
[0917/135344.104:ERROR:crash_report_database_win.cc(469)] failed to stat report
[0917/135344.104:ERROR:crash_report_database_win.cc(469)] failed to stat report
[0917/135344.105:ERROR:crash_report_database_win.cc(469)] failed to stat report
[0917/135344.105:ERROR:crash_report_database_win.cc(469)] failed to stat report
[0917/135344.105:ERROR:crash_report_database_win.cc(469)] failed to stat report
[0917/135344.105:ERROR:crash_report_database_win.cc(469)] failed to stat report
[0917/135844.103:ERROR:crash_report_database_win.cc(469)] failed to stat report
[0917/135844.103:ERROR:crash_report_database_win.cc(469)] failed to stat report
[0917/135844.103:ERROR:crash_report_database_win.cc(469)] failed to stat report
[0917/135844.103:ERROR:crash_report_database_win.cc(469)] failed to stat report
[0917/135844.103:ERROR:crash_report_database_win.cc(469)] failed to stat report
[0917/135844.103:ERROR:crash_report_database_win.cc(469)] failed to stat report
[0917/135844.103:ERROR:crash_report_database_win.cc(469)] failed to stat report
[0917/135844.103:ERROR:crash_report_database_win.cc(469)] failed to stat report
[0917/135844.103:ERROR:crash_report_database_win.cc(469)] failed to stat report
[0917/135844.103:ERROR:crash_report_database_win.cc(469)] failed to stat report
[0917/135844.103:ERROR:crash_report_database_win.cc(469)] failed to stat report
[0917/135844.103:ERROR:crash_report_database_win.cc(469)] failed to stat report
[0917/135844.104:ERROR:crash_report_database_win.cc(469)] failed to stat report
[0917/135844.104:ERROR:crash_report_database_win.cc(469)] failed to stat report
[0917/135844.104:ERROR:crash_report_database_win.cc(469)] failed to stat report
[0917/135844.104:ERROR:crash_report_database_win.cc(469)] failed to stat report
[0917/135844.104:ERROR:crash_report_database_win.cc(469)] failed to stat report
[0917/135844.104:ERROR:crash_report_database_win.cc(469)] failed to stat report
[0917/135844.104:ERROR:crash_report_database_win.cc(469)] failed to stat report
[0917/135844.104:ERROR:crash_report_database_win.cc(469)] failed to stat report
[0917/135844.104:ERROR:crash_report_database_win.cc(469)] failed to stat report
[0917/135946.022:ERROR:crash_report_database_win.cc(469)] failed to stat report
[0917/135946.022:ERROR:crash_report_database_win.cc(469)] failed to stat report
[0917/135946.022:ERROR:crash_report_database_win.cc(469)] failed to stat report
[0917/135946.022:ERROR:crash_report_database_win.cc(469)] failed to stat report
[0917/135946.022:ERROR:crash_report_database_win.cc(469)] failed to stat report
[0917/135946.022:ERROR:crash_report_database_win.cc(469)] failed to stat report
[0917/135946.022:ERROR:crash_report_database_win.cc(469)] failed to stat report
[0917/135946.022:ERROR:crash_report_database_win.cc(469)] failed to stat report
[0917/135946.022:ERROR:crash_report_database_win.cc(469)] failed to stat report
[0917/135946.022:ERROR:crash_report_database_win.cc(469)] failed to stat report
[0917/135946.022:ERROR:crash_report_database_win.cc(469)] failed to stat report
[0917/135946.022:ERROR:crash_report_database_win.cc(469)] failed to stat report
[0917/135946.023:ERROR:crash_report_database_win.cc(469)] failed to stat report
[0917/135946.023:ERROR:crash_report_database_win.cc(469)] failed to stat report
[0917/135946.023:ERROR:crash_report_database_win.cc(469)] failed to stat report
[0917/135946.023:ERROR:crash_report_database_win.cc(469)] failed to stat report
[0917/135946.023:ERROR:crash_report_database_win.cc(469)] failed to stat report
[0917/135946.023:ERROR:crash_report_database_win.cc(469)] failed to stat report
[0917/135946.023:ERROR:crash_report_database_win.cc(469)] failed to stat report
[0917/135946.023:ERROR:crash_report_database_win.cc(469)] failed to stat report
[0917/135946.023:ERROR:crash_report_database_win.cc(469)] failed to stat report
[0917/135946.025:ERROR:crash_report_database_win.cc(469)] failed to stat report
[0917/135946.025:ERROR:crash_report_database_win.cc(469)] failed to stat report
[0917/135946.025:ERROR:crash_report_database_win.cc(469)] failed to stat report
[0917/135946.026:ERROR:crash_report_database_win.cc(469)] failed to stat report
[0917/135946.026:ERROR:crash_report_database_win.cc(469)] failed to stat report
[0917/135946.026:ERROR:crash_report_database_win.cc(469)] failed to stat report
[0917/135946.026:ERROR:crash_report_database_win.cc(469)] failed to stat report
[0917/135946.026:ERROR:crash_report_database_win.cc(469)] failed to stat report
[0917/135946.026:ERROR:crash_report_database_win.cc(469)] failed to stat report
[0917/135946.026:ERROR:crash_report_database_win.cc(469)] failed to stat report
[0917/135946.026:ERROR:crash_report_database_win.cc(469)] failed to stat report
[0917/135946.026:ERROR:crash_report_database_win.cc(469)] failed to stat report
[0917/135946.026:ERROR:crash_report_database_win.cc(469)] failed to stat report
[0917/135946.026:ERROR:crash_report_database_win.cc(469)] failed to stat report
[0917/135946.026:ERROR:crash_report_database_win.cc(469)] failed to stat report
[0917/135946.026:ERROR:crash_report_database_win.cc(469)] failed to stat report
[0917/135946.026:ERROR:crash_report_database_win.cc(469)] failed to stat report
[0917/135946.026:ERROR:crash_report_database_win.cc(469)] failed to stat report
[0917/135946.026:ERROR:crash_report_database_win.cc(469)] failed to stat report
[0917/135946.026:ERROR:crash_report_database_win.cc(469)] failed to stat report
[0917/135946.026:ERROR:crash_report_database_win.cc(469)] failed to stat report
[0917/140229.256:ERROR:crash_report_database_win.cc(469)] failed to stat report
[0917/140229.256:ERROR:crash_report_database_win.cc(469)] failed to stat report
[0917/140229.256:ERROR:crash_report_database_win.cc(469)] failed to stat report
[0917/140229.256:ERROR:crash_report_database_win.cc(469)] failed to stat report
[0917/140229.256:ERROR:crash_report_database_win.cc(469)] failed to stat report
[0917/140229.256:ERROR:crash_report_database_win.cc(469)] failed to stat report
[0917/140229.256:ERROR:crash_report_database_win.cc(469)] failed to stat report
[0917/140229.256:ERROR:crash_report_database_win.cc(469)] failed to stat report
[0917/140229.256:ERROR:crash_report_database_win.cc(469)] failed to stat report
[0917/140229.256:ERROR:crash_report_database_win.cc(469)] failed to stat report
[0917/140229.256:ERROR:crash_report_database_win.cc(469)] failed to stat report
[0917/140229.256:ERROR:crash_report_database_win.cc(469)] failed to stat report
[0917/140229.257:ERROR:crash_report_database_win.cc(469)] failed to stat report
[0917/140229.257:ERROR:crash_report_database_win.cc(469)] failed to stat report
[0917/140229.257:ERROR:crash_report_database_win.cc(469)] failed to stat report
[0917/140229.257:ERROR:crash_report_database_win.cc(469)] failed to stat report
[0917/140229.257:ERROR:crash_report_database_win.cc(469)] failed to stat report
[0917/140229.257:ERROR:crash_report_database_win.cc(469)] failed to stat report
[0917/140229.257:ERROR:crash_report_database_win.cc(469)] failed to stat report
[0917/140229.257:ERROR:crash_report_database_win.cc(469)] failed to stat report
[0917/140229.257:ERROR:crash_report_database_win.cc(469)] failed to stat report
[0917/141132.012:ERROR:crash_report_database_win.cc(469)] failed to stat report
[0917/141132.012:ERROR:crash_report_database_win.cc(469)] failed to stat report
[0917/141132.012:ERROR:crash_report_database_win.cc(469)] failed to stat report
[0917/141132.012:ERROR:crash_report_database_win.cc(469)] failed to stat report
[0917/141132.012:ERROR:crash_report_database_win.cc(469)] failed to stat report
[0917/141132.012:ERROR:crash_report_database_win.cc(469)] failed to stat report
[0917/141132.012:ERROR:crash_report_database_win.cc(469)] failed to stat report
[0917/141132.012:ERROR:crash_report_database_win.cc(469)] failed to stat report
[0917/141132.012:ERROR:crash_report_database_win.cc(469)] failed to stat report
[0917/141132.012:ERROR:crash_report_database_win.cc(469)] failed to stat report
[0917/141132.012:ERROR:crash_report_database_win.cc(469)] failed to stat report
[0917/141132.012:ERROR:crash_report_database_win.cc(469)] failed to stat report
[0917/141132.012:ERROR:crash_report_database_win.cc(469)] failed to stat report
[0917/141132.012:ERROR:crash_report_database_win.cc(469)] failed to stat report
[0917/141132.012:ERROR:crash_report_database_win.cc(469)] failed to stat report
[0917/141132.013:ERROR:crash_report_database_win.cc(469)] failed to stat report
[0917/141132.013:ERROR:crash_report_database_win.cc(469)] failed to stat report
[0917/141132.013:ERROR:crash_report_database_win.cc(469)] failed to stat report
[0917/141132.013:ERROR:crash_report_database_win.cc(469)] failed to stat report
[0917/141132.013:ERROR:crash_report_database_win.cc(469)] failed to stat report
[0917/141132.013:ERROR:crash_report_database_win.cc(469)] failed to stat report
[0917/141344.106:ERROR:crash_report_database_win.cc(469)] failed to stat report
[0917/141344.106:ERROR:crash_report_database_win.cc(469)] failed to stat report
[0917/141344.106:ERROR:crash_report_database_win.cc(469)] failed to stat report
[0917/141344.106:ERROR:crash_report_database_win.cc(469)] failed to stat report
[0917/141344.106:ERROR:crash_report_database_win.cc(469)] failed to stat report
[0917/141344.106:ERROR:crash_report_database_win.cc(469)] failed to stat report
[0917/141344.106:ERROR:crash_report_database_win.cc(469)] failed to stat report
[0917/141344.106:ERROR:crash_report_database_win.cc(469)] failed to stat report
[0917/141344.106:ERROR:crash_report_database_win.cc(469)] failed to stat report
[0917/141344.106:ERROR:crash_report_database_win.cc(469)] failed to stat report
[0917/141344.106:ERROR:crash_report_database_win.cc(469)] failed to stat report
[0917/141344.106:ERROR:crash_report_database_win.cc(469)] failed to stat report
[0917/141344.106:ERROR:crash_report_database_win.cc(469)] failed to stat report
[0917/141344.106:ERROR:crash_report_database_win.cc(469)] failed to stat report
[0917/141344.106:ERROR:crash_report_database_win.cc(469)] failed to stat report
[0917/141344.106:ERROR:crash_report_database_win.cc(469)] failed to stat report
[0917/141344.106:ERROR:crash_report_database_win.cc(469)] failed to stat report
[0917/141344.106:ERROR:crash_report_database_win.cc(469)] failed to stat report
[0917/141344.106:ERROR:crash_report_database_win.cc(469)] failed to stat report
[0917/141344.106:ERROR:crash_report_database_win.cc(469)] failed to stat report
[0917/141344.106:ERROR:crash_report_database_win.cc(469)] failed to stat report
[0917/142132.022:ERROR:crash_report_database_win.cc(469)] failed to stat report
[0917/142132.022:ERROR:crash_report_database_win.cc(469)] failed to stat report
[0917/142132.022:ERROR:crash_report_database_win.cc(469)] failed to stat report
[0917/142132.022:ERROR:crash_report_database_win.cc(469)] failed to stat report
[0917/142132.022:ERROR:crash_report_database_win.cc(469)] failed to stat report
[0917/142132.022:ERROR:crash_report_database_win.cc(469)] failed to stat report
[0917/142132.022:ERROR:crash_report_database_win.cc(469)] failed to stat report
[0917/142132.022:ERROR:crash_report_database_win.cc(469)] failed to stat report
[0917/142132.022:ERROR:crash_report_database_win.cc(469)] failed to stat report
[0917/142132.022:ERROR:crash_report_database_win.cc(469)] failed to stat report
[0917/142132.022:ERROR:crash_report_database_win.cc(469)] failed to stat report
[0917/142132.023:ERROR:crash_report_database_win.cc(469)] failed to stat report
[0917/142132.023:ERROR:crash_report_database_win.cc(469)] failed to stat report
[0917/142132.023:ERROR:crash_report_database_win.cc(469)] failed to stat report
[0917/142132.023:ERROR:crash_report_database_win.cc(469)] failed to stat report
[0917/142132.023:ERROR:crash_report_database_win.cc(469)] failed to stat report
[0917/142132.023:ERROR:crash_report_database_win.cc(469)] failed to stat report
[0917/142132.023:ERROR:crash_report_database_win.cc(469)] failed to stat report
[0917/142132.023:ERROR:crash_report_database_win.cc(469)] failed to stat report
[0917/142132.023:ERROR:crash_report_database_win.cc(469)] failed to stat report
[0917/142132.023:ERROR:crash_report_database_win.cc(469)] failed to stat report
[0917/142132.025:ERROR:crash_report_database_win.cc(469)] failed to stat report
[0917/142132.025:ERROR:crash_report_database_win.cc(469)] failed to stat report
[0917/142132.025:ERROR:crash_report_database_win.cc(469)] failed to stat report
[0917/142132.025:ERROR:crash_report_database_win.cc(469)] failed to stat report
[0917/142132.025:ERROR:crash_report_database_win.cc(469)] failed to stat report
[0917/142132.025:ERROR:crash_report_database_win.cc(469)] failed to stat report
[0917/142132.025:ERROR:crash_report_database_win.cc(469)] failed to stat report
[0917/142132.025:ERROR:crash_report_database_win.cc(469)] failed to stat report
[0917/142132.025:ERROR:crash_report_database_win.cc(469)] failed to stat report
[0917/142132.026:ERROR:crash_report_database_win.cc(469)] failed to stat report
[0917/142132.026:ERROR:crash_report_database_win.cc(469)] failed to stat report
[0917/142132.026:ERROR:crash_report_database_win.cc(469)] failed to stat report
[0917/142132.026:ERROR:crash_report_database_win.cc(469)] failed to stat report
[0917/142132.026:ERROR:crash_report_database_win.cc(469)] failed to stat report
[0917/142132.026:ERROR:crash_report_database_win.cc(469)] failed to stat report
[0917/142132.026:ERROR:crash_report_database_win.cc(469)] failed to stat report
[0917/142132.026:ERROR:crash_report_database_win.cc(469)] failed to stat report
[0917/142132.026:ERROR:crash_report_database_win.cc(469)] failed to stat report
[0917/142132.026:ERROR:crash_report_database_win.cc(469)] failed to stat report
[0917/142132.026:ERROR:crash_report_database_win.cc(469)] failed to stat report
[0917/142132.026:ERROR:crash_report_database_win.cc(469)] failed to stat report
[0917/142632.014:ERROR:crash_report_database_win.cc(469)] failed to stat report
[0917/142632.014:ERROR:crash_report_database_win.cc(469)] failed to stat report
[0917/142632.014:ERROR:crash_report_database_win.cc(469)] failed to stat report
[0917/142632.014:ERROR:crash_report_database_win.cc(469)] failed to stat report
[0917/142632.014:ERROR:crash_report_database_win.cc(469)] failed to stat report
[0917/142632.014:ERROR:crash_report_database_win.cc(469)] failed to stat report
[0917/142632.014:ERROR:crash_report_database_win.cc(469)] failed to stat report
[0917/142632.014:ERROR:crash_report_database_win.cc(469)] failed to stat report
[0917/142632.014:ERROR:crash_report_database_win.cc(469)] failed to stat report
[0917/142632.014:ERROR:crash_report_database_win.cc(469)] failed to stat report
[0917/142632.014:ERROR:crash_report_database_win.cc(469)] failed to stat report
[0917/142632.014:ERROR:crash_report_database_win.cc(469)] failed to stat report
[0917/142632.014:ERROR:crash_report_database_win.cc(469)] failed to stat report
[0917/142632.015:ERROR:crash_report_database_win.cc(469)] failed to stat report
[0917/142632.015:ERROR:crash_report_database_win.cc(469)] failed to stat report
[0917/142632.015:ERROR:crash_report_database_win.cc(469)] failed to stat report
[0917/142632.015:ERROR:crash_report_database_win.cc(469)] failed to stat report
[0917/142632.015:ERROR:crash_report_database_win.cc(469)] failed to stat report
[0917/142632.015:ERROR:crash_report_database_win.cc(469)] failed to stat report
[0917/142632.015:ERROR:crash_report_database_win.cc(469)] failed to stat report
[0917/142632.015:ERROR:crash_report_database_win.cc(469)] failed to stat report
[0917/142844.108:ERROR:crash_report_database_win.cc(469)] failed to stat report
[0917/142844.108:ERROR:crash_report_database_win.cc(469)] failed to stat report
[0917/142844.108:ERROR:crash_report_database_win.cc(469)] failed to stat report
[0917/142844.108:ERROR:crash_report_database_win.cc(469)] failed to stat report
[0917/142844.108:ERROR:crash_report_database_win.cc(469)] failed to stat report
[0917/142844.108:ERROR:crash_report_database_win.cc(469)] failed to stat report
[0917/142844.108:ERROR:crash_report_database_win.cc(469)] failed to stat report
[0917/142844.108:ERROR:crash_report_database_win.cc(469)] failed to stat report
[0917/142844.108:ERROR:crash_report_database_win.cc(469)] failed to stat report
[0917/142844.108:ERROR:crash_report_database_win.cc(469)] failed to stat report
[0917/142844.108:ERROR:crash_report_database_win.cc(469)] failed to stat report
[0917/142844.109:ERROR:crash_report_database_win.cc(469)] failed to stat report
[0917/142844.109:ERROR:crash_report_database_win.cc(469)] failed to stat report
[0917/142844.109:ERROR:crash_report_database_win.cc(469)] failed to stat report
[0917/142844.109:ERROR:crash_report_database_win.cc(469)] failed to stat report
[0917/142844.109:ERROR:crash_report_database_win.cc(469)] failed to stat report
[0917/142844.109:ERROR:crash_report_database_win.cc(469)] failed to stat report
[0917/142844.109:ERROR:crash_report_database_win.cc(469)] failed to stat report
[0917/142844.109:ERROR:crash_report_database_win.cc(469)] failed to stat report
[0917/142844.109:ERROR:crash_report_database_win.cc(469)] failed to stat report
[0917/142844.109:ERROR:crash_report_database_win.cc(469)] failed to stat report
[0917/144132.018:ERROR:crash_report_database_win.cc(469)] failed to stat report
[0917/144132.018:ERROR:crash_report_database_win.cc(469)] failed to stat report
[0917/144132.018:ERROR:crash_report_database_win.cc(469)] failed to stat report
[0917/144132.018:ERROR:crash_report_database_win.cc(469)] failed to stat report
[0917/144132.018:ERROR:crash_report_database_win.cc(469)] failed to stat report
[0917/144132.018:ERROR:crash_report_database_win.cc(469)] failed to stat report
[0917/144132.018:ERROR:crash_report_database_win.cc(469)] failed to stat report
[0917/144132.018:ERROR:crash_report_database_win.cc(469)] failed to stat report
[0917/144132.018:ERROR:crash_report_database_win.cc(469)] failed to stat report
[0917/144132.018:ERROR:crash_report_database_win.cc(469)] failed to stat report
[0917/144132.018:ERROR:crash_report_database_win.cc(469)] failed to stat report
[0917/144132.018:ERROR:crash_report_database_win.cc(469)] failed to stat report
[0917/144132.019:ERROR:crash_report_database_win.cc(469)] failed to stat report
[0917/144132.019:ERROR:crash_report_database_win.cc(469)] failed to stat report
[0917/144132.019:ERROR:crash_report_database_win.cc(469)] failed to stat report
[0917/144132.019:ERROR:crash_report_database_win.cc(469)] failed to stat report
[0917/144132.019:ERROR:crash_report_database_win.cc(469)] failed to stat report
[0917/144132.019:ERROR:crash_report_database_win.cc(469)] failed to stat report
[0917/144132.019:ERROR:crash_report_database_win.cc(469)] failed to stat report
[0917/144132.019:ERROR:crash_report_database_win.cc(469)] failed to stat report
[0917/144132.019:ERROR:crash_report_database_win.cc(469)] failed to stat report
[0917/144317.813:ERROR:crash_report_database_win.cc(469)] failed to stat report
[0917/144317.813:ERROR:crash_report_database_win.cc(469)] failed to stat report
[0917/144317.813:ERROR:crash_report_database_win.cc(469)] failed to stat report
[0917/144317.813:ERROR:crash_report_database_win.cc(469)] failed to stat report
[0917/144317.813:ERROR:crash_report_database_win.cc(469)] failed to stat report
[0917/144317.813:ERROR:crash_report_database_win.cc(469)] failed to stat report
[0917/144317.813:ERROR:crash_report_database_win.cc(469)] failed to stat report
[0917/144317.813:ERROR:crash_report_database_win.cc(469)] failed to stat report
[0917/144317.813:ERROR:crash_report_database_win.cc(469)] failed to stat report
[0917/144317.813:ERROR:crash_report_database_win.cc(469)] failed to stat report
[0917/144317.813:ERROR:crash_report_database_win.cc(469)] failed to stat report
[0917/144317.813:ERROR:crash_report_database_win.cc(469)] failed to stat report
[0917/144317.813:ERROR:crash_report_database_win.cc(469)] failed to stat report
[0917/144317.813:ERROR:crash_report_database_win.cc(469)] failed to stat report
[0917/144317.813:ERROR:crash_report_database_win.cc(469)] failed to stat report
[0917/144317.813:ERROR:crash_report_database_win.cc(469)] failed to stat report
[0917/144317.813:ERROR:crash_report_database_win.cc(469)] failed to stat report
[0917/144317.814:ERROR:crash_report_database_win.cc(469)] failed to stat report
[0917/144317.814:ERROR:crash_report_database_win.cc(469)] failed to stat report
[0917/144317.814:ERROR:crash_report_database_win.cc(469)] failed to stat report
[0917/144317.814:ERROR:crash_report_database_win.cc(469)] failed to stat report
[0917/144344.111:ERROR:crash_report_database_win.cc(469)] failed to stat report
[0917/144344.111:ERROR:crash_report_database_win.cc(469)] failed to stat report
[0917/144344.111:ERROR:crash_report_database_win.cc(469)] failed to stat report
[0917/144344.111:ERROR:crash_report_database_win.cc(469)] failed to stat report
[0917/144344.111:ERROR:crash_report_database_win.cc(469)] failed to stat report
[0917/144344.111:ERROR:crash_report_database_win.cc(469)] failed to stat report
[0917/144344.111:ERROR:crash_report_database_win.cc(469)] failed to stat report
[0917/144344.111:ERROR:crash_report_database_win.cc(469)] failed to stat report
[0917/144344.111:ERROR:crash_report_database_win.cc(469)] failed to stat report
[0917/144344.112:ERROR:crash_report_database_win.cc(469)] failed to stat report
[0917/144344.112:ERROR:crash_report_database_win.cc(469)] failed to stat report
[0917/144344.112:ERROR:crash_report_database_win.cc(469)] failed to stat report
[0917/144344.112:ERROR:crash_report_database_win.cc(469)] failed to stat report
[0917/144344.112:ERROR:crash_report_database_win.cc(469)] failed to stat report
[0917/144344.112:ERROR:crash_report_database_win.cc(469)] failed to stat report
[0917/144344.112:ERROR:crash_report_database_win.cc(469)] failed to stat report
[0917/144344.112:ERROR:crash_report_database_win.cc(469)] failed to stat report
[0917/144344.112:ERROR:crash_report_database_win.cc(469)] failed to stat report
[0917/144344.112:ERROR:crash_report_database_win.cc(469)] failed to stat report
[0917/144344.112:ERROR:crash_report_database_win.cc(469)] failed to stat report
[0917/144344.112:ERROR:crash_report_database_win.cc(469)] failed to stat report
[0917/145501.259:ERROR:crash_report_database_win.cc(469)] failed to stat report
[0917/145501.259:ERROR:crash_report_database_win.cc(469)] failed to stat report
[0917/145501.259:ERROR:crash_report_database_win.cc(469)] failed to stat report
[0917/145501.259:ERROR:crash_report_database_win.cc(469)] failed to stat report
[0917/145501.259:ERROR:crash_report_database_win.cc(469)] failed to stat report
[0917/145501.259:ERROR:crash_report_database_win.cc(469)] failed to stat report
[0917/145501.259:ERROR:crash_report_database_win.cc(469)] failed to stat report
[0917/145501.259:ERROR:crash_report_database_win.cc(469)] failed to stat report
[0917/145501.259:ERROR:crash_report_database_win.cc(469)] failed to stat report
[0917/145501.259:ERROR:crash_report_database_win.cc(469)] failed to stat report
[0917/145501.259:ERROR:crash_report_database_win.cc(469)] failed to stat report
[0917/145501.259:ERROR:crash_report_database_win.cc(469)] failed to stat report
[0917/145501.259:ERROR:crash_report_database_win.cc(469)] failed to stat report
[0917/145501.259:ERROR:crash_report_database_win.cc(469)] failed to stat report
[0917/145501.259:ERROR:crash_report_database_win.cc(469)] failed to stat report
[0917/145501.259:ERROR:crash_report_database_win.cc(469)] failed to stat report
[0917/145501.259:ERROR:crash_report_database_win.cc(469)] failed to stat report
[0917/145501.259:ERROR:crash_report_database_win.cc(469)] failed to stat report
[0917/145501.259:ERROR:crash_report_database_win.cc(469)] failed to stat report
[0917/145501.259:ERROR:crash_report_database_win.cc(469)] failed to stat report
[0917/145501.259:ERROR:crash_report_database_win.cc(469)] failed to stat report
[0917/145521.826:ERROR:crash_report_database_win.cc(469)] failed to stat report
[0917/145521.826:ERROR:crash_report_database_win.cc(469)] failed to stat report
[0917/145521.826:ERROR:crash_report_database_win.cc(469)] failed to stat report
[0917/145521.826:ERROR:crash_report_database_win.cc(469)] failed to stat report
[0917/145521.826:ERROR:crash_report_database_win.cc(469)] failed to stat report
[0917/145521.826:ERROR:crash_report_database_win.cc(469)] failed to stat report
[0917/145521.826:ERROR:crash_report_database_win.cc(469)] failed to stat report
[0917/145521.826:ERROR:crash_report_database_win.cc(469)] failed to stat report
[0917/145521.826:ERROR:crash_report_database_win.cc(469)] failed to stat report
[0917/145521.826:ERROR:crash_report_database_win.cc(469)] failed to stat report
[0917/145521.826:ERROR:crash_report_database_win.cc(469)] failed to stat report
[0917/145521.826:ERROR:crash_report_database_win.cc(469)] failed to stat report
[0917/145521.826:ERROR:crash_report_database_win.cc(469)] failed to stat report
[0917/145521.827:ERROR:crash_report_database_win.cc(469)] failed to stat report
[0917/145521.827:ERROR:crash_report_database_win.cc(469)] failed to stat report
[0917/145521.827:ERROR:crash_report_database_win.cc(469)] failed to stat report
[0917/145521.827:ERROR:crash_report_database_win.cc(469)] failed to stat report
[0917/145521.827:ERROR:crash_report_database_win.cc(469)] failed to stat report
[0917/145521.827:ERROR:crash_report_database_win.cc(469)] failed to stat report
[0917/145521.827:ERROR:crash_report_database_win.cc(469)] failed to stat report
[0917/145521.827:ERROR:crash_report_database_win.cc(469)] failed to stat report
[0917/145526.521:ERROR:crash_report_database_win.cc(469)] failed to stat report
[0917/145526.521:ERROR:crash_report_database_win.cc(469)] failed to stat report
[0917/145526.521:ERROR:crash_report_database_win.cc(469)] failed to stat report
[0917/145526.521:ERROR:crash_report_database_win.cc(469)] failed to stat report
[0917/145526.521:ERROR:crash_report_database_win.cc(469)] failed to stat report
[0917/145526.521:ERROR:crash_report_database_win.cc(469)] failed to stat report
[0917/145526.521:ERROR:crash_report_database_win.cc(469)] failed to stat report
[0917/145526.522:ERROR:crash_report_database_win.cc(469)] failed to stat report
[0917/145526.522:ERROR:crash_report_database_win.cc(469)] failed to stat report
[0917/145526.522:ERROR:crash_report_database_win.cc(469)] failed to stat report
[0917/145526.522:ERROR:crash_report_database_win.cc(469)] failed to stat report
[0917/145526.522:ERROR:crash_report_database_win.cc(469)] failed to stat report
[0917/145526.522:ERROR:crash_report_database_win.cc(469)] failed to stat report
[0917/145526.522:ERROR:crash_report_database_win.cc(469)] failed to stat report
[0917/145526.522:ERROR:crash_report_database_win.cc(469)] failed to stat report
[0917/145526.522:ERROR:crash_report_database_win.cc(469)] failed to stat report
[0917/145526.522:ERROR:crash_report_database_win.cc(469)] failed to stat report
[0917/145526.522:ERROR:crash_report_database_win.cc(469)] failed to stat report
[0917/145526.522:ERROR:crash_report_database_win.cc(469)] failed to stat report
[0917/145526.522:ERROR:crash_report_database_win.cc(469)] failed to stat report
[0917/145526.522:ERROR:crash_report_database_win.cc(469)] failed to stat report
[0917/145844.115:ERROR:crash_report_database_win.cc(469)] failed to stat report
[0917/145844.115:ERROR:crash_report_database_win.cc(469)] failed to stat report
[0917/145844.115:ERROR:crash_report_database_win.cc(469)] failed to stat report
[0917/145844.115:ERROR:crash_report_database_win.cc(469)] failed to stat report
[0917/145844.115:ERROR:crash_report_database_win.cc(469)] failed to stat report
[0917/145844.115:ERROR:crash_report_database_win.cc(469)] failed to stat report
[0917/145844.115:ERROR:crash_report_database_win.cc(469)] failed to stat report
[0917/145844.115:ERROR:crash_report_database_win.cc(469)] failed to stat report
[0917/145844.115:ERROR:crash_report_database_win.cc(469)] failed to stat report
[0917/145844.115:ERROR:crash_report_database_win.cc(469)] failed to stat report
[0917/145844.115:ERROR:crash_report_database_win.cc(469)] failed to stat report
[0917/145844.115:ERROR:crash_report_database_win.cc(469)] failed to stat report
[0917/145844.115:ERROR:crash_report_database_win.cc(469)] failed to stat report
[0917/145844.115:ERROR:crash_report_database_win.cc(469)] failed to stat report
[0917/145844.115:ERROR:crash_report_database_win.cc(469)] failed to stat report
[0917/145844.115:ERROR:crash_report_database_win.cc(469)] failed to stat report
[0917/145844.115:ERROR:crash_report_database_win.cc(469)] failed to stat report
[0917/145844.115:ERROR:crash_report_database_win.cc(469)] failed to stat report
[0917/145844.116:ERROR:crash_report_database_win.cc(469)] failed to stat report
[0917/145844.116:ERROR:crash_report_database_win.cc(469)] failed to stat report
[0917/145844.116:ERROR:crash_report_database_win.cc(469)] failed to stat report
[0917/150432.146:ERROR:crash_report_database_win.cc(469)] failed to stat report
[0917/150432.146:ERROR:crash_report_database_win.cc(469)] failed to stat report
[0917/150432.146:ERROR:crash_report_database_win.cc(469)] failed to stat report
[0917/150432.147:ERROR:crash_report_database_win.cc(469)] failed to stat report
[0917/150432.147:ERROR:crash_report_database_win.cc(469)] failed to stat report
[0917/150432.147:ERROR:crash_report_database_win.cc(469)] failed to stat report
[0917/150432.147:ERROR:crash_report_database_win.cc(469)] failed to stat report
[0917/150432.147:ERROR:crash_report_database_win.cc(469)] failed to stat report
[0917/150432.147:ERROR:crash_report_database_win.cc(469)] failed to stat report
[0917/150432.147:ERROR:crash_report_database_win.cc(469)] failed to stat report
[0917/150432.147:ERROR:crash_report_database_win.cc(469)] failed to stat report
[0917/150432.147:ERROR:crash_report_database_win.cc(469)] failed to stat report
[0917/150432.147:ERROR:crash_report_database_win.cc(469)] failed to stat report
[0917/150432.147:ERROR:crash_report_database_win.cc(469)] failed to stat report
[0917/150432.147:ERROR:crash_report_database_win.cc(469)] failed to stat report
[0917/150432.147:ERROR:crash_report_database_win.cc(469)] failed to stat report
[0917/150432.147:ERROR:crash_report_database_win.cc(469)] failed to stat report
[0917/150432.147:ERROR:crash_report_database_win.cc(469)] failed to stat report
[0917/150432.147:ERROR:crash_report_database_win.cc(469)] failed to stat report
[0917/150432.147:ERROR:crash_report_database_win.cc(469)] failed to stat report
[0917/150432.147:ERROR:crash_report_database_win.cc(469)] failed to stat report
[0917/151344.117:ERROR:crash_report_database_win.cc(469)] failed to stat report
[0917/151344.117:ERROR:crash_report_database_win.cc(469)] failed to stat report
[0917/151344.117:ERROR:crash_report_database_win.cc(469)] failed to stat report
[0917/151344.117:ERROR:crash_report_database_win.cc(469)] failed to stat report
[0917/151344.117:ERROR:crash_report_database_win.cc(469)] failed to stat report
[0917/151344.117:ERROR:crash_report_database_win.cc(469)] failed to stat report
[0917/151344.117:ERROR:crash_report_database_win.cc(469)] failed to stat report
[0917/151344.117:ERROR:crash_report_database_win.cc(469)] failed to stat report
[0917/151344.117:ERROR:crash_report_database_win.cc(469)] failed to stat report
[0917/151344.117:ERROR:crash_report_database_win.cc(469)] failed to stat report
[0917/151344.117:ERROR:crash_report_database_win.cc(469)] failed to stat report
[0917/151344.117:ERROR:crash_report_database_win.cc(469)] failed to stat report
[0917/151344.118:ERROR:crash_report_database_win.cc(469)] failed to stat report
[0917/151344.118:ERROR:crash_report_database_win.cc(469)] failed to stat report
[0917/151344.118:ERROR:crash_report_database_win.cc(469)] failed to stat report
[0917/151344.118:ERROR:crash_report_database_win.cc(469)] failed to stat report
[0917/151344.118:ERROR:crash_report_database_win.cc(469)] failed to stat report
[0917/151344.118:ERROR:crash_report_database_win.cc(469)] failed to stat report
[0917/151344.118:ERROR:crash_report_database_win.cc(469)] failed to stat report
[0917/151344.118:ERROR:crash_report_database_win.cc(469)] failed to stat report
[0917/151344.118:ERROR:crash_report_database_win.cc(469)] failed to stat report
[0917/151432.146:ERROR:crash_report_database_win.cc(469)] failed to stat report
[0917/151432.146:ERROR:crash_report_database_win.cc(469)] failed to stat report
[0917/151432.146:ERROR:crash_report_database_win.cc(469)] failed to stat report
[0917/151432.146:ERROR:crash_report_database_win.cc(469)] failed to stat report
[0917/151432.146:ERROR:crash_report_database_win.cc(469)] failed to stat report
[0917/151432.146:ERROR:crash_report_database_win.cc(469)] failed to stat report
[0917/151432.146:ERROR:crash_report_database_win.cc(469)] failed to stat report
[0917/151432.146:ERROR:crash_report_database_win.cc(469)] failed to stat report
[0917/151432.146:ERROR:crash_report_database_win.cc(469)] failed to stat report
[0917/151432.146:ERROR:crash_report_database_win.cc(469)] failed to stat report
[0917/151432.146:ERROR:crash_report_database_win.cc(469)] failed to stat report
[0917/151432.147:ERROR:crash_report_database_win.cc(469)] failed to stat report
[0917/151432.147:ERROR:crash_report_database_win.cc(469)] failed to stat report
[0917/151432.147:ERROR:crash_report_database_win.cc(469)] failed to stat report
[0917/151432.147:ERROR:crash_report_database_win.cc(469)] failed to stat report
[0917/151432.147:ERROR:crash_report_database_win.cc(469)] failed to stat report
[0917/151432.147:ERROR:crash_report_database_win.cc(469)] failed to stat report
[0917/151432.147:ERROR:crash_report_database_win.cc(469)] failed to stat report
[0917/151432.147:ERROR:crash_report_database_win.cc(469)] failed to stat report
[0917/151432.147:ERROR:crash_report_database_win.cc(469)] failed to stat report
[0917/151432.147:ERROR:crash_report_database_win.cc(469)] failed to stat report
[0917/151432.149:ERROR:crash_report_database_win.cc(469)] failed to stat report
[0917/151432.149:ERROR:crash_report_database_win.cc(469)] failed to stat report
[0917/151432.149:ERROR:crash_report_database_win.cc(469)] failed to stat report
[0917/151432.149:ERROR:crash_report_database_win.cc(469)] failed to stat report
[0917/151432.149:ERROR:crash_report_database_win.cc(469)] failed to stat report
[0917/151432.149:ERROR:crash_report_database_win.cc(469)] failed to stat report
[0917/151432.149:ERROR:crash_report_database_win.cc(469)] failed to stat report
[0917/151432.149:ERROR:crash_report_database_win.cc(469)] failed to stat report
[0917/151432.149:ERROR:crash_report_database_win.cc(469)] failed to stat report
[0917/151432.149:ERROR:crash_report_database_win.cc(469)] failed to stat report
[0917/151432.149:ERROR:crash_report_database_win.cc(469)] failed to stat report
[0917/151432.150:ERROR:crash_report_database_win.cc(469)] failed to stat report
[0917/151432.150:ERROR:crash_report_database_win.cc(469)] failed to stat report
[0917/151432.150:ERROR:crash_report_database_win.cc(469)] failed to stat report
[0917/151432.150:ERROR:crash_report_database_win.cc(469)] failed to stat report
[0917/151432.150:ERROR:crash_report_database_win.cc(469)] failed to stat report
[0917/151432.150:ERROR:crash_report_database_win.cc(469)] failed to stat report
[0917/151432.150:ERROR:crash_report_database_win.cc(469)] failed to stat report
[0917/151432.150:ERROR:crash_report_database_win.cc(469)] failed to stat report
[0917/151432.150:ERROR:crash_report_database_win.cc(469)] failed to stat report
[0917/151432.150:ERROR:crash_report_database_win.cc(469)] failed to stat report
[0917/151932.148:ERROR:crash_report_database_win.cc(469)] failed to stat report
[0917/151932.148:ERROR:crash_report_database_win.cc(469)] failed to stat report
[0917/151932.148:ERROR:crash_report_database_win.cc(469)] failed to stat report
[0917/151932.148:ERROR:crash_report_database_win.cc(469)] failed to stat report
[0917/151932.148:ERROR:crash_report_database_win.cc(469)] failed to stat report
[0917/151932.148:ERROR:crash_report_database_win.cc(469)] failed to stat report
[0917/151932.148:ERROR:crash_report_database_win.cc(469)] failed to stat report
[0917/151932.148:ERROR:crash_report_database_win.cc(469)] failed to stat report
[0917/151932.148:ERROR:crash_report_database_win.cc(469)] failed to stat report
[0917/151932.148:ERROR:crash_report_database_win.cc(469)] failed to stat report
[0917/151932.148:ERROR:crash_report_database_win.cc(469)] failed to stat report
[0917/151932.148:ERROR:crash_report_database_win.cc(469)] failed to stat report
[0917/151932.148:ERROR:crash_report_database_win.cc(469)] failed to stat report
[0917/151932.149:ERROR:crash_report_database_win.cc(469)] failed to stat report
[0917/151932.149:ERROR:crash_report_database_win.cc(469)] failed to stat report
[0917/151932.149:ERROR:crash_report_database_win.cc(469)] failed to stat report
[0917/151932.149:ERROR:crash_report_database_win.cc(469)] failed to stat report
[0917/151932.149:ERROR:crash_report_database_win.cc(469)] failed to stat report
[0917/151932.149:ERROR:crash_report_database_win.cc(469)] failed to stat report
[0917/151932.149:ERROR:crash_report_database_win.cc(469)] failed to stat report
[0917/151932.149:ERROR:crash_report_database_win.cc(469)] failed to stat report
[0917/152844.121:ERROR:crash_report_database_win.cc(469)] failed to stat report
[0917/152844.121:ERROR:crash_report_database_win.cc(469)] failed to stat report
[0917/152844.121:ERROR:crash_report_database_win.cc(469)] failed to stat report
[0917/152844.121:ERROR:crash_report_database_win.cc(469)] failed to stat report
[0917/152844.121:ERROR:crash_report_database_win.cc(469)] failed to stat report
[0917/152844.121:ERROR:crash_report_database_win.cc(469)] failed to stat report
[0917/152844.121:ERROR:crash_report_database_win.cc(469)] failed to stat report
[0917/152844.121:ERROR:crash_report_database_win.cc(469)] failed to stat report
[0917/152844.121:ERROR:crash_report_database_win.cc(469)] failed to stat report
[0917/152844.121:ERROR:crash_report_database_win.cc(469)] failed to stat report
[0917/152844.122:ERROR:crash_report_database_win.cc(469)] failed to stat report
[0917/152844.122:ERROR:crash_report_database_win.cc(469)] failed to stat report
[0917/152844.122:ERROR:crash_report_database_win.cc(469)] failed to stat report
[0917/152844.122:ERROR:crash_report_database_win.cc(469)] failed to stat report
[0917/152844.122:ERROR:crash_report_database_win.cc(469)] failed to stat report
[0917/152844.122:ERROR:crash_report_database_win.cc(469)] failed to stat report
[0917/152844.122:ERROR:crash_report_database_win.cc(469)] failed to stat report
[0917/152844.122:ERROR:crash_report_database_win.cc(469)] failed to stat report
[0917/152844.122:ERROR:crash_report_database_win.cc(469)] failed to stat report
[0917/152844.122:ERROR:crash_report_database_win.cc(469)] failed to stat report
[0917/152844.122:ERROR:crash_report_database_win.cc(469)] failed to stat report
[0917/153136.666:ERROR:crash_report_database_win.cc(469)] failed to stat report
[0917/153136.666:ERROR:crash_report_database_win.cc(469)] failed to stat report
[0917/153136.666:ERROR:crash_report_database_win.cc(469)] failed to stat report
[0917/153136.666:ERROR:crash_report_database_win.cc(469)] failed to stat report
[0917/153136.666:ERROR:crash_report_database_win.cc(469)] failed to stat report
[0917/153136.666:ERROR:crash_report_database_win.cc(469)] failed to stat report
[0917/153136.666:ERROR:crash_report_database_win.cc(469)] failed to stat report
[0917/153136.666:ERROR:crash_report_database_win.cc(469)] failed to stat report
[0917/153136.666:ERROR:crash_report_database_win.cc(469)] failed to stat report
[0917/153136.666:ERROR:crash_report_database_win.cc(469)] failed to stat report
[0917/153136.666:ERROR:crash_report_database_win.cc(469)] failed to stat report
[0917/153136.666:ERROR:crash_report_database_win.cc(469)] failed to stat report
[0917/153136.666:ERROR:crash_report_database_win.cc(469)] failed to stat report
[0917/153136.666:ERROR:crash_report_database_win.cc(469)] failed to stat report
[0917/153136.667:ERROR:crash_report_database_win.cc(469)] failed to stat report
[0917/153136.667:ERROR:crash_report_database_win.cc(469)] failed to stat report
[0917/153136.667:ERROR:crash_report_database_win.cc(469)] failed to stat report
[0917/153136.667:ERROR:crash_report_database_win.cc(469)] failed to stat report
[0917/153136.667:ERROR:crash_report_database_win.cc(469)] failed to stat report
[0917/153136.667:ERROR:crash_report_database_win.cc(469)] failed to stat report
[0917/153136.667:ERROR:crash_report_database_win.cc(469)] failed to stat report
[0917/154040.183:ERROR:crash_report_database_win.cc(469)] failed to stat report
[0917/154040.183:ERROR:crash_report_database_win.cc(469)] failed to stat report
[0917/154040.183:ERROR:crash_report_database_win.cc(469)] failed to stat report
[0917/154040.183:ERROR:crash_report_database_win.cc(469)] failed to stat report
[0917/154040.183:ERROR:crash_report_database_win.cc(469)] failed to stat report
[0917/154040.183:ERROR:crash_report_database_win.cc(469)] failed to stat report
[0917/154040.183:ERROR:crash_report_database_win.cc(469)] failed to stat report
[0917/154040.183:ERROR:crash_report_database_win.cc(469)] failed to stat report
[0917/154040.183:ERROR:crash_report_database_win.cc(469)] failed to stat report
[0917/154040.183:ERROR:crash_report_database_win.cc(469)] failed to stat report
[0917/154040.183:ERROR:crash_report_database_win.cc(469)] failed to stat report
[0917/154040.183:ERROR:crash_report_database_win.cc(469)] failed to stat report
[0917/154040.183:ERROR:crash_report_database_win.cc(469)] failed to stat report
[0917/154040.183:ERROR:crash_report_database_win.cc(469)] failed to stat report
[0917/154040.183:ERROR:crash_report_database_win.cc(469)] failed to stat report
[0917/154040.183:ERROR:crash_report_database_win.cc(469)] failed to stat report
[0917/154040.183:ERROR:crash_report_database_win.cc(469)] failed to stat report
[0917/154040.183:ERROR:crash_report_database_win.cc(469)] failed to stat report
[0917/154040.183:ERROR:crash_report_database_win.cc(469)] failed to stat report
[0917/154040.183:ERROR:crash_report_database_win.cc(469)] failed to stat report
[0917/154040.183:ERROR:crash_report_database_win.cc(469)] failed to stat report
[0917/154344.124:ERROR:crash_report_database_win.cc(469)] failed to stat report
[0917/154344.124:ERROR:crash_report_database_win.cc(469)] failed to stat report
[0917/154344.124:ERROR:crash_report_database_win.cc(469)] failed to stat report
[0917/154344.124:ERROR:crash_report_database_win.cc(469)] failed to stat report
[0917/154344.124:ERROR:crash_report_database_win.cc(469)] failed to stat report
[0917/154344.124:ERROR:crash_report_database_win.cc(469)] failed to stat report
[0917/154344.124:ERROR:crash_report_database_win.cc(469)] failed to stat report
[0917/154344.124:ERROR:crash_report_database_win.cc(469)] failed to stat report
[0917/154344.124:ERROR:crash_report_database_win.cc(469)] failed to stat report
[0917/154344.124:ERROR:crash_report_database_win.cc(469)] failed to stat report
[0917/154344.124:ERROR:crash_report_database_win.cc(469)] failed to stat report
[0917/154344.124:ERROR:crash_report_database_win.cc(469)] failed to stat report
[0917/154344.124:ERROR:crash_report_database_win.cc(469)] failed to stat report
[0917/154344.124:ERROR:crash_report_database_win.cc(469)] failed to stat report
[0917/154344.124:ERROR:crash_report_database_win.cc(469)] failed to stat report
[0917/154344.124:ERROR:crash_report_database_win.cc(469)] failed to stat report
[0917/154344.124:ERROR:crash_report_database_win.cc(469)] failed to stat report
[0917/154344.124:ERROR:crash_report_database_win.cc(469)] failed to stat report
[0917/154344.124:ERROR:crash_report_database_win.cc(469)] failed to stat report
[0917/154344.124:ERROR:crash_report_database_win.cc(469)] failed to stat report
[0917/154344.124:ERROR:crash_report_database_win.cc(469)] failed to stat report
[0917/155040.183:ERROR:crash_report_database_win.cc(469)] failed to stat report
[0917/155040.183:ERROR:crash_report_database_win.cc(469)] failed to stat report
[0917/155040.183:ERROR:crash_report_database_win.cc(469)] failed to stat report
[0917/155040.183:ERROR:crash_report_database_win.cc(469)] failed to stat report
[0917/155040.183:ERROR:crash_report_database_win.cc(469)] failed to stat report
[0917/155040.183:ERROR:crash_report_database_win.cc(469)] failed to stat report
[0917/155040.183:ERROR:crash_report_database_win.cc(469)] failed to stat report
[0917/155040.183:ERROR:crash_report_database_win.cc(469)] failed to stat report
[0917/155040.183:ERROR:crash_report_database_win.cc(469)] failed to stat report
[0917/155040.183:ERROR:crash_report_database_win.cc(469)] failed to stat report
[0917/155040.183:ERROR:crash_report_database_win.cc(469)] failed to stat report
[0917/155040.183:ERROR:crash_report_database_win.cc(469)] failed to stat report
[0917/155040.183:ERROR:crash_report_database_win.cc(469)] failed to stat report
[0917/155040.184:ERROR:crash_report_database_win.cc(469)] failed to stat report
[0917/155040.184:ERROR:crash_report_database_win.cc(469)] failed to stat report
[0917/155040.184:ERROR:crash_report_database_win.cc(469)] failed to stat report
[0917/155040.184:ERROR:crash_report_database_win.cc(469)] failed to stat report
[0917/155040.184:ERROR:crash_report_database_win.cc(469)] failed to stat report
[0917/155040.184:ERROR:crash_report_database_win.cc(469)] failed to stat report
[0917/155040.184:ERROR:crash_report_database_win.cc(469)] failed to stat report
[0917/155040.184:ERROR:crash_report_database_win.cc(469)] failed to stat report
[0917/155040.186:ERROR:crash_report_database_win.cc(469)] failed to stat report
[0917/155040.186:ERROR:crash_report_database_win.cc(469)] failed to stat report
[0917/155040.186:ERROR:crash_report_database_win.cc(469)] failed to stat report
[0917/155040.186:ERROR:crash_report_database_win.cc(469)] failed to stat report
[0917/155040.186:ERROR:crash_report_database_win.cc(469)] failed to stat report
[0917/155040.186:ERROR:crash_report_database_win.cc(469)] failed to stat report
[0917/155040.186:ERROR:crash_report_database_win.cc(469)] failed to stat report
[0917/155040.186:ERROR:crash_report_database_win.cc(469)] failed to stat report
[0917/155040.186:ERROR:crash_report_database_win.cc(469)] failed to stat report
[0917/155040.186:ERROR:crash_report_database_win.cc(469)] failed to stat report
[0917/155040.186:ERROR:crash_report_database_win.cc(469)] failed to stat report
[0917/155040.186:ERROR:crash_report_database_win.cc(469)] failed to stat report
[0917/155040.186:ERROR:crash_report_database_win.cc(469)] failed to stat report
[0917/155040.187:ERROR:crash_report_database_win.cc(469)] failed to stat report
[0917/155040.187:ERROR:crash_report_database_win.cc(469)] failed to stat report
[0917/155040.187:ERROR:crash_report_database_win.cc(469)] failed to stat report
[0917/155040.187:ERROR:crash_report_database_win.cc(469)] failed to stat report
[0917/155040.187:ERROR:crash_report_database_win.cc(469)] failed to stat report
[0917/155040.187:ERROR:crash_report_database_win.cc(469)] failed to stat report
[0917/155040.187:ERROR:crash_report_database_win.cc(469)] failed to stat report
[0917/155040.187:ERROR:crash_report_database_win.cc(469)] failed to stat report
[0917/155540.185:ERROR:crash_report_database_win.cc(469)] failed to stat report
[0917/155540.185:ERROR:crash_report_database_win.cc(469)] failed to stat report
[0917/155540.185:ERROR:crash_report_database_win.cc(469)] failed to stat report
[0917/155540.185:ERROR:crash_report_database_win.cc(469)] failed to stat report
[0917/155540.185:ERROR:crash_report_database_win.cc(469)] failed to stat report
[0917/155540.185:ERROR:crash_report_database_win.cc(469)] failed to stat report
[0917/155540.185:ERROR:crash_report_database_win.cc(469)] failed to stat report
[0917/155540.185:ERROR:crash_report_database_win.cc(469)] failed to stat report
[0917/155540.186:ERROR:crash_report_database_win.cc(469)] failed to stat report
[0917/155540.186:ERROR:crash_report_database_win.cc(469)] failed to stat report
[0917/155540.186:ERROR:crash_report_database_win.cc(469)] failed to stat report
[0917/155540.186:ERROR:crash_report_database_win.cc(469)] failed to stat report
[0917/155540.186:ERROR:crash_report_database_win.cc(469)] failed to stat report
[0917/155540.186:ERROR:crash_report_database_win.cc(469)] failed to stat report
[0917/155540.186:ERROR:crash_report_database_win.cc(469)] failed to stat report
[0917/155540.186:ERROR:crash_report_database_win.cc(469)] failed to stat report
[0917/155540.186:ERROR:crash_report_database_win.cc(469)] failed to stat report
[0917/155540.186:ERROR:crash_report_database_win.cc(469)] failed to stat report
[0917/155540.186:ERROR:crash_report_database_win.cc(469)] failed to stat report
[0917/155540.186:ERROR:crash_report_database_win.cc(469)] failed to stat report
[0917/155540.186:ERROR:crash_report_database_win.cc(469)] failed to stat report
[0917/155844.126:ERROR:crash_report_database_win.cc(469)] failed to stat report
[0917/155844.126:ERROR:crash_report_database_win.cc(469)] failed to stat report
[0917/155844.126:ERROR:crash_report_database_win.cc(469)] failed to stat report
[0917/155844.126:ERROR:crash_report_database_win.cc(469)] failed to stat report
[0917/155844.126:ERROR:crash_report_database_win.cc(469)] failed to stat report
[0917/155844.126:ERROR:crash_report_database_win.cc(469)] failed to stat report
[0917/155844.126:ERROR:crash_report_database_win.cc(469)] failed to stat report
[0917/155844.126:ERROR:crash_report_database_win.cc(469)] failed to stat report
[0917/155844.126:ERROR:crash_report_database_win.cc(469)] failed to stat report
[0917/155844.126:ERROR:crash_report_database_win.cc(469)] failed to stat report
[0917/155844.126:ERROR:crash_report_database_win.cc(469)] failed to stat report
[0917/155844.126:ERROR:crash_report_database_win.cc(469)] failed to stat report
[0917/155844.127:ERROR:crash_report_database_win.cc(469)] failed to stat report
[0917/155844.127:ERROR:crash_report_database_win.cc(469)] failed to stat report
[0917/155844.127:ERROR:crash_report_database_win.cc(469)] failed to stat report
[0917/155844.127:ERROR:crash_report_database_win.cc(469)] failed to stat report
[0917/155844.127:ERROR:crash_report_database_win.cc(469)] failed to stat report
[0917/155844.127:ERROR:crash_report_database_win.cc(469)] failed to stat report
[0917/155844.127:ERROR:crash_report_database_win.cc(469)] failed to stat report
[0917/155844.127:ERROR:crash_report_database_win.cc(469)] failed to stat report
[0917/155844.127:ERROR:crash_report_database_win.cc(469)] failed to stat report
[0917/161040.189:ERROR:crash_report_database_win.cc(469)] failed to stat report
[0917/161040.189:ERROR:crash_report_database_win.cc(469)] failed to stat report
[0917/161040.189:ERROR:crash_report_database_win.cc(469)] failed to stat report
[0917/161040.189:ERROR:crash_report_database_win.cc(469)] failed to stat report
[0917/161040.189:ERROR:crash_report_database_win.cc(469)] failed to stat report
[0917/161040.189:ERROR:crash_report_database_win.cc(469)] failed to stat report
[0917/161040.189:ERROR:crash_report_database_win.cc(469)] failed to stat report
[0917/161040.189:ERROR:crash_report_database_win.cc(469)] failed to stat report
[0917/161040.189:ERROR:crash_report_database_win.cc(469)] failed to stat report
[0917/161040.189:ERROR:crash_report_database_win.cc(469)] failed to stat report
[0917/161040.189:ERROR:crash_report_database_win.cc(469)] failed to stat report
[0917/161040.189:ERROR:crash_report_database_win.cc(469)] failed to stat report
[0917/161040.189:ERROR:crash_report_database_win.cc(469)] failed to stat report
[0917/161040.190:ERROR:crash_report_database_win.cc(469)] failed to stat report
[0917/161040.190:ERROR:crash_report_database_win.cc(469)] failed to stat report
[0917/161040.190:ERROR:crash_report_database_win.cc(469)] failed to stat report
[0917/161040.190:ERROR:crash_report_database_win.cc(469)] failed to stat report
[0917/161040.190:ERROR:crash_report_database_win.cc(469)] failed to stat report
[0917/161040.190:ERROR:crash_report_database_win.cc(469)] failed to stat report
[0917/161040.190:ERROR:crash_report_database_win.cc(469)] failed to stat report
[0917/161040.190:ERROR:crash_report_database_win.cc(469)] failed to stat report
[0917/161344.129:ERROR:crash_report_database_win.cc(469)] failed to stat report
[0917/161344.129:ERROR:crash_report_database_win.cc(469)] failed to stat report
[0917/161344.129:ERROR:crash_report_database_win.cc(469)] failed to stat report
[0917/161344.129:ERROR:crash_report_database_win.cc(469)] failed to stat report
[0917/161344.129:ERROR:crash_report_database_win.cc(469)] failed to stat report
[0917/161344.129:ERROR:crash_report_database_win.cc(469)] failed to stat report
[0917/161344.129:ERROR:crash_report_database_win.cc(469)] failed to stat report
[0917/161344.129:ERROR:crash_report_database_win.cc(469)] failed to stat report
[0917/161344.129:ERROR:crash_report_database_win.cc(469)] failed to stat report
[0917/161344.129:ERROR:crash_report_database_win.cc(469)] failed to stat report
[0917/161344.129:ERROR:crash_report_database_win.cc(469)] failed to stat report
[0917/161344.129:ERROR:crash_report_database_win.cc(469)] failed to stat report
[0917/161344.129:ERROR:crash_report_database_win.cc(469)] failed to stat report
[0917/161344.129:ERROR:crash_report_database_win.cc(469)] failed to stat report
[0917/161344.129:ERROR:crash_report_database_win.cc(469)] failed to stat report
[0917/161344.129:ERROR:crash_report_database_win.cc(469)] failed to stat report
[0917/161344.129:ERROR:crash_report_database_win.cc(469)] failed to stat report
[0917/161344.129:ERROR:crash_report_database_win.cc(469)] failed to stat report
[0917/161344.129:ERROR:crash_report_database_win.cc(469)] failed to stat report
[0917/161344.129:ERROR:crash_report_database_win.cc(469)] failed to stat report
[0917/161344.129:ERROR:crash_report_database_win.cc(469)] failed to stat report
[0917/162540.192:ERROR:crash_report_database_win.cc(469)] failed to stat report
[0917/162540.192:ERROR:crash_report_database_win.cc(469)] failed to stat report
[0917/162540.192:ERROR:crash_report_database_win.cc(469)] failed to stat report
[0917/162540.192:ERROR:crash_report_database_win.cc(469)] failed to stat report
[0917/162540.192:ERROR:crash_report_database_win.cc(469)] failed to stat report
[0917/162540.192:ERROR:crash_report_database_win.cc(469)] failed to stat report
[0917/162540.192:ERROR:crash_report_database_win.cc(469)] failed to stat report
[0917/162540.192:ERROR:crash_report_database_win.cc(469)] failed to stat report
[0917/162540.192:ERROR:crash_report_database_win.cc(469)] failed to stat report
[0917/162540.192:ERROR:crash_report_database_win.cc(469)] failed to stat report
[0917/162540.192:ERROR:crash_report_database_win.cc(469)] failed to stat report
[0917/162540.192:ERROR:crash_report_database_win.cc(469)] failed to stat report
[0917/162540.193:ERROR:crash_report_database_win.cc(469)] failed to stat report
[0917/162540.193:ERROR:crash_report_database_win.cc(469)] failed to stat report
[0917/162540.193:ERROR:crash_report_database_win.cc(469)] failed to stat report
[0917/162540.193:ERROR:crash_report_database_win.cc(469)] failed to stat report
[0917/162540.193:ERROR:crash_report_database_win.cc(469)] failed to stat report
[0917/162540.193:ERROR:crash_report_database_win.cc(469)] failed to stat report
[0917/162540.193:ERROR:crash_report_database_win.cc(469)] failed to stat report
[0917/162540.193:ERROR:crash_report_database_win.cc(469)] failed to stat report
[0917/162540.193:ERROR:crash_report_database_win.cc(469)] failed to stat report
[0917/162844.131:ERROR:crash_report_database_win.cc(469)] failed to stat report
[0917/162844.131:ERROR:crash_report_database_win.cc(469)] failed to stat report
[0917/162844.131:ERROR:crash_report_database_win.cc(469)] failed to stat report
[0917/162844.131:ERROR:crash_report_database_win.cc(469)] failed to stat report
[0917/162844.131:ERROR:crash_report_database_win.cc(469)] failed to stat report
[0917/162844.131:ERROR:crash_report_database_win.cc(469)] failed to stat report
[0917/162844.131:ERROR:crash_report_database_win.cc(469)] failed to stat report
[0917/162844.131:ERROR:crash_report_database_win.cc(469)] failed to stat report
[0917/162844.131:ERROR:crash_report_database_win.cc(469)] failed to stat report
[0917/162844.131:ERROR:crash_report_database_win.cc(469)] failed to stat report
[0917/162844.131:ERROR:crash_report_database_win.cc(469)] failed to stat report
[0917/162844.131:ERROR:crash_report_database_win.cc(469)] failed to stat report
[0917/162844.131:ERROR:crash_report_database_win.cc(469)] failed to stat report
[0917/162844.132:ERROR:crash_report_database_win.cc(469)] failed to stat report
[0917/162844.132:ERROR:crash_report_database_win.cc(469)] failed to stat report
[0917/162844.132:ERROR:crash_report_database_win.cc(469)] failed to stat report
[0917/162844.132:ERROR:crash_report_database_win.cc(469)] failed to stat report
[0917/162844.132:ERROR:crash_report_database_win.cc(469)] failed to stat report
[0917/162844.132:ERROR:crash_report_database_win.cc(469)] failed to stat report
[0917/162844.132:ERROR:crash_report_database_win.cc(469)] failed to stat report
[0917/162844.132:ERROR:crash_report_database_win.cc(469)] failed to stat report
[0917/164040.196:ERROR:crash_report_database_win.cc(469)] failed to stat report
[0917/164040.196:ERROR:crash_report_database_win.cc(469)] failed to stat report
[0917/164040.196:ERROR:crash_report_database_win.cc(469)] failed to stat report
[0917/164040.196:ERROR:crash_report_database_win.cc(469)] failed to stat report
[0917/164040.196:ERROR:crash_report_database_win.cc(469)] failed to stat report
[0917/164040.196:ERROR:crash_report_database_win.cc(469)] failed to stat report
[0917/164040.196:ERROR:crash_report_database_win.cc(469)] failed to stat report
[0917/164040.196:ERROR:crash_report_database_win.cc(469)] failed to stat report
[0917/164040.196:ERROR:crash_report_database_win.cc(469)] failed to stat report
[0917/164040.196:ERROR:crash_report_database_win.cc(469)] failed to stat report
[0917/164040.196:ERROR:crash_report_database_win.cc(469)] failed to stat report
[0917/164040.197:ERROR:crash_report_database_win.cc(469)] failed to stat report
[0917/164040.197:ERROR:crash_report_database_win.cc(469)] failed to stat report
[0917/164040.197:ERROR:crash_report_database_win.cc(469)] failed to stat report
[0917/164040.197:ERROR:crash_report_database_win.cc(469)] failed to stat report
[0917/164040.197:ERROR:crash_report_database_win.cc(469)] failed to stat report
[0917/164040.197:ERROR:crash_report_database_win.cc(469)] failed to stat report
[0917/164040.197:ERROR:crash_report_database_win.cc(469)] failed to stat report
[0917/164040.197:ERROR:crash_report_database_win.cc(469)] failed to stat report
[0917/164040.197:ERROR:crash_report_database_win.cc(469)] failed to stat report
[0917/164040.197:ERROR:crash_report_database_win.cc(469)] failed to stat report
[0917/164308.066:ERROR:crash_report_database_win.cc(469)] failed to stat report
[0917/164308.066:ERROR:crash_report_database_win.cc(469)] failed to stat report
[0917/164308.066:ERROR:crash_report_database_win.cc(469)] failed to stat report
[0917/164308.067:ERROR:crash_report_database_win.cc(469)] failed to stat report
[0917/164308.067:ERROR:crash_report_database_win.cc(469)] failed to stat report
[0917/164308.067:ERROR:crash_report_database_win.cc(469)] failed to stat report
[0917/164308.067:ERROR:crash_report_database_win.cc(469)] failed to stat report
[0917/164308.067:ERROR:crash_report_database_win.cc(469)] failed to stat report
[0917/164308.067:ERROR:crash_report_database_win.cc(469)] failed to stat report
[0917/164308.067:ERROR:crash_report_database_win.cc(469)] failed to stat report
[0917/164308.067:ERROR:crash_report_database_win.cc(469)] failed to stat report
[0917/164308.067:ERROR:crash_report_database_win.cc(469)] failed to stat report
[0917/164308.067:ERROR:crash_report_database_win.cc(469)] failed to stat report
[0917/164308.067:ERROR:crash_report_database_win.cc(469)] failed to stat report
[0917/164308.067:ERROR:crash_report_database_win.cc(469)] failed to stat report
[0917/164308.067:ERROR:crash_report_database_win.cc(469)] failed to stat report
[0917/164308.067:ERROR:crash_report_database_win.cc(469)] failed to stat report
[0917/164308.067:ERROR:crash_report_database_win.cc(469)] failed to stat report
[0917/164308.067:ERROR:crash_report_database_win.cc(469)] failed to stat report
[0917/164308.067:ERROR:crash_report_database_win.cc(469)] failed to stat report
[0917/164308.067:ERROR:crash_report_database_win.cc(469)] failed to stat report
[0917/164344.134:ERROR:crash_report_database_win.cc(469)] failed to stat report
[0917/164344.134:ERROR:crash_report_database_win.cc(469)] failed to stat report
[0917/164344.134:ERROR:crash_report_database_win.cc(469)] failed to stat report
[0917/164344.134:ERROR:crash_report_database_win.cc(469)] failed to stat report
[0917/164344.134:ERROR:crash_report_database_win.cc(469)] failed to stat report
[0917/164344.134:ERROR:crash_report_database_win.cc(469)] failed to stat report
[0917/164344.134:ERROR:crash_report_database_win.cc(469)] failed to stat report
[0917/164344.134:ERROR:crash_report_database_win.cc(469)] failed to stat report
[0917/164344.134:ERROR:crash_report_database_win.cc(469)] failed to stat report
[0917/164344.134:ERROR:crash_report_database_win.cc(469)] failed to stat report
[0917/164344.134:ERROR:crash_report_database_win.cc(469)] failed to stat report
[0917/164344.134:ERROR:crash_report_database_win.cc(469)] failed to stat report
[0917/164344.135:ERROR:crash_report_database_win.cc(469)] failed to stat report
[0917/164344.135:ERROR:crash_report_database_win.cc(469)] failed to stat report
[0917/164344.135:ERROR:crash_report_database_win.cc(469)] failed to stat report
[0917/164344.135:ERROR:crash_report_database_win.cc(469)] failed to stat report
[0917/164344.135:ERROR:crash_report_database_win.cc(469)] failed to stat report
[0917/164344.135:ERROR:crash_report_database_win.cc(469)] failed to stat report
[0917/164344.135:ERROR:crash_report_database_win.cc(469)] failed to stat report
[0917/164344.135:ERROR:crash_report_database_win.cc(469)] failed to stat report
[0917/164344.135:ERROR:crash_report_database_win.cc(469)] failed to stat report
[0917/165844.138:ERROR:crash_report_database_win.cc(469)] failed to stat report
[0917/165844.138:ERROR:crash_report_database_win.cc(469)] failed to stat report
[0917/165844.138:ERROR:crash_report_database_win.cc(469)] failed to stat report
[0917/165844.138:ERROR:crash_report_database_win.cc(469)] failed to stat report
[0917/165844.138:ERROR:crash_report_database_win.cc(469)] failed to stat report
[0917/165844.138:ERROR:crash_report_database_win.cc(469)] failed to stat report
[0917/165844.138:ERROR:crash_report_database_win.cc(469)] failed to stat report
[0917/165844.138:ERROR:crash_report_database_win.cc(469)] failed to stat report
[0917/165844.138:ERROR:crash_report_database_win.cc(469)] failed to stat report
[0917/165844.138:ERROR:crash_report_database_win.cc(469)] failed to stat report
[0917/165844.138:ERROR:crash_report_database_win.cc(469)] failed to stat report
[0917/165844.138:ERROR:crash_report_database_win.cc(469)] failed to stat report
[0917/165844.138:ERROR:crash_report_database_win.cc(469)] failed to stat report
[0917/165844.138:ERROR:crash_report_database_win.cc(469)] failed to stat report
[0917/165844.138:ERROR:crash_report_database_win.cc(469)] failed to stat report
[0917/165844.138:ERROR:crash_report_database_win.cc(469)] failed to stat report
[0917/165844.138:ERROR:crash_report_database_win.cc(469)] failed to stat report
[0917/165844.138:ERROR:crash_report_database_win.cc(469)] failed to stat report
[0917/165844.138:ERROR:crash_report_database_win.cc(469)] failed to stat report
[0917/165844.138:ERROR:crash_report_database_win.cc(469)] failed to stat report
[0917/165844.138:ERROR:crash_report_database_win.cc(469)] failed to stat report
[0917/170306.903:ERROR:crash_report_database_win.cc(469)] failed to stat report
[0917/170306.903:ERROR:crash_report_database_win.cc(469)] failed to stat report
[0917/170306.903:ERROR:crash_report_database_win.cc(469)] failed to stat report
[0917/170306.903:ERROR:crash_report_database_win.cc(469)] failed to stat report
[0917/170306.903:ERROR:crash_report_database_win.cc(469)] failed to stat report
[0917/170306.903:ERROR:crash_report_database_win.cc(469)] failed to stat report
[0917/170306.903:ERROR:crash_report_database_win.cc(469)] failed to stat report
[0917/170306.903:ERROR:crash_report_database_win.cc(469)] failed to stat report
[0917/170306.903:ERROR:crash_report_database_win.cc(469)] failed to stat report
[0917/170306.904:ERROR:crash_report_database_win.cc(469)] failed to stat report
[0917/170306.904:ERROR:crash_report_database_win.cc(469)] failed to stat report
[0917/170306.904:ERROR:crash_report_database_win.cc(469)] failed to stat report
[0917/170306.904:ERROR:crash_report_database_win.cc(469)] failed to stat report
[0917/170306.904:ERROR:crash_report_database_win.cc(469)] failed to stat report
[0917/170306.904:ERROR:crash_report_database_win.cc(469)] failed to stat report
[0917/170306.904:ERROR:crash_report_database_win.cc(469)] failed to stat report
[0917/170306.904:ERROR:crash_report_database_win.cc(469)] failed to stat report
[0917/170306.904:ERROR:crash_report_database_win.cc(469)] failed to stat report
[0917/170306.904:ERROR:crash_report_database_win.cc(469)] failed to stat report
[0917/170306.904:ERROR:crash_report_database_win.cc(469)] failed to stat report
[0917/170306.904:ERROR:crash_report_database_win.cc(469)] failed to stat report
[0917/171306.904:ERROR:crash_report_database_win.cc(469)] failed to stat report
[0917/171306.904:ERROR:crash_report_database_win.cc(469)] failed to stat report
[0917/171306.904:ERROR:crash_report_database_win.cc(469)] failed to stat report
[0917/171306.904:ERROR:crash_report_database_win.cc(469)] failed to stat report
[0917/171306.904:ERROR:crash_report_database_win.cc(469)] failed to stat report
[0917/171306.904:ERROR:crash_report_database_win.cc(469)] failed to stat report
[0917/171306.904:ERROR:crash_report_database_win.cc(469)] failed to stat report
[0917/171306.904:ERROR:crash_report_database_win.cc(469)] failed to stat report
[0917/171306.904:ERROR:crash_report_database_win.cc(469)] failed to stat report
[0917/171306.904:ERROR:crash_report_database_win.cc(469)] failed to stat report
[0917/171306.904:ERROR:crash_report_database_win.cc(469)] failed to stat report
[0917/171306.904:ERROR:crash_report_database_win.cc(469)] failed to stat report
[0917/171306.904:ERROR:crash_report_database_win.cc(469)] failed to stat report
[0917/171306.904:ERROR:crash_report_database_win.cc(469)] failed to stat report
[0917/171306.904:ERROR:crash_report_database_win.cc(469)] failed to stat report
[0917/171306.904:ERROR:crash_report_database_win.cc(469)] failed to stat report
[0917/171306.904:ERROR:crash_report_database_win.cc(469)] failed to stat report
[0917/171306.904:ERROR:crash_report_database_win.cc(469)] failed to stat report
[0917/171306.904:ERROR:crash_report_database_win.cc(469)] failed to stat report
[0917/171306.904:ERROR:crash_report_database_win.cc(469)] failed to stat report
[0917/171306.904:ERROR:crash_report_database_win.cc(469)] failed to stat report
[0917/171306.905:ERROR:crash_report_database_win.cc(469)] failed to stat report
[0917/171306.906:ERROR:crash_report_database_win.cc(469)] failed to stat report
[0917/171306.906:ERROR:crash_report_database_win.cc(469)] failed to stat report
[0917/171306.906:ERROR:crash_report_database_win.cc(469)] failed to stat report
[0917/171306.906:ERROR:crash_report_database_win.cc(469)] failed to stat report
[0917/171306.906:ERROR:crash_report_database_win.cc(469)] failed to stat report
[0917/171306.906:ERROR:crash_report_database_win.cc(469)] failed to stat report
[0917/171306.906:ERROR:crash_report_database_win.cc(469)] failed to stat report
[0917/171306.906:ERROR:crash_report_database_win.cc(469)] failed to stat report
[0917/171306.906:ERROR:crash_report_database_win.cc(469)] failed to stat report
[0917/171306.906:ERROR:crash_report_database_win.cc(469)] failed to stat report
[0917/171306.906:ERROR:crash_report_database_win.cc(469)] failed to stat report
[0917/171306.906:ERROR:crash_report_database_win.cc(469)] failed to stat report
[0917/171306.906:ERROR:crash_report_database_win.cc(469)] failed to stat report
[0917/171306.906:ERROR:crash_report_database_win.cc(469)] failed to stat report
[0917/171306.906:ERROR:crash_report_database_win.cc(469)] failed to stat report
[0917/171306.906:ERROR:crash_report_database_win.cc(469)] failed to stat report
[0917/171306.906:ERROR:crash_report_database_win.cc(469)] failed to stat report
[0917/171306.906:ERROR:crash_report_database_win.cc(469)] failed to stat report
[0917/171306.906:ERROR:crash_report_database_win.cc(469)] failed to stat report
[0917/171306.906:ERROR:crash_report_database_win.cc(469)] failed to stat report
[0917/171344.139:ERROR:crash_report_database_win.cc(469)] failed to stat report
[0917/171344.139:ERROR:crash_report_database_win.cc(469)] failed to stat report
[0917/171344.139:ERROR:crash_report_database_win.cc(469)] failed to stat report
[0917/171344.139:ERROR:crash_report_database_win.cc(469)] failed to stat report
[0917/171344.139:ERROR:crash_report_database_win.cc(469)] failed to stat report
[0917/171344.139:ERROR:crash_report_database_win.cc(469)] failed to stat report
[0917/171344.139:ERROR:crash_report_database_win.cc(469)] failed to stat report
[0917/171344.139:ERROR:crash_report_database_win.cc(469)] failed to stat report
[0917/171344.139:ERROR:crash_report_database_win.cc(469)] failed to stat report
[0917/171344.139:ERROR:crash_report_database_win.cc(469)] failed to stat report
[0917/171344.139:ERROR:crash_report_database_win.cc(469)] failed to stat report
[0917/171344.139:ERROR:crash_report_database_win.cc(469)] failed to stat report
[0917/171344.140:ERROR:crash_report_database_win.cc(469)] failed to stat report
[0917/171344.140:ERROR:crash_report_database_win.cc(469)] failed to stat report
[0917/171344.140:ERROR:crash_report_database_win.cc(469)] failed to stat report
[0917/171344.140:ERROR:crash_report_database_win.cc(469)] failed to stat report
[0917/171344.140:ERROR:crash_report_database_win.cc(469)] failed to stat report
[0917/171344.140:ERROR:crash_report_database_win.cc(469)] failed to stat report
[0917/171344.140:ERROR:crash_report_database_win.cc(469)] failed to stat report
[0917/171344.140:ERROR:crash_report_database_win.cc(469)] failed to stat report
[0917/171344.140:ERROR:crash_report_database_win.cc(469)] failed to stat report
[0917/171806.905:ERROR:crash_report_database_win.cc(469)] failed to stat report
[0917/171806.905:ERROR:crash_report_database_win.cc(469)] failed to stat report
[0917/171806.905:ERROR:crash_report_database_win.cc(469)] failed to stat report
[0917/171806.905:ERROR:crash_report_database_win.cc(469)] failed to stat report
[0917/171806.905:ERROR:crash_report_database_win.cc(469)] failed to stat report
[0917/171806.905:ERROR:crash_report_database_win.cc(469)] failed to stat report
[0917/171806.905:ERROR:crash_report_database_win.cc(469)] failed to stat report
[0917/171806.905:ERROR:crash_report_database_win.cc(469)] failed to stat report
[0917/171806.905:ERROR:crash_report_database_win.cc(469)] failed to stat report
[0917/171806.905:ERROR:crash_report_database_win.cc(469)] failed to stat report
[0917/171806.905:ERROR:crash_report_database_win.cc(469)] failed to stat report
[0917/171806.905:ERROR:crash_report_database_win.cc(469)] failed to stat report
[0917/171806.905:ERROR:crash_report_database_win.cc(469)] failed to stat report
[0917/171806.905:ERROR:crash_report_database_win.cc(469)] failed to stat report
[0917/171806.905:ERROR:crash_report_database_win.cc(469)] failed to stat report
[0917/171806.905:ERROR:crash_report_database_win.cc(469)] failed to stat report
[0917/171806.905:ERROR:crash_report_database_win.cc(469)] failed to stat report
[0917/171806.905:ERROR:crash_report_database_win.cc(469)] failed to stat report
[0917/171806.905:ERROR:crash_report_database_win.cc(469)] failed to stat report
[0917/171806.905:ERROR:crash_report_database_win.cc(469)] failed to stat report
[0917/171806.905:ERROR:crash_report_database_win.cc(469)] failed to stat report
[0917/172844.143:ERROR:crash_report_database_win.cc(469)] failed to stat report
[0917/172844.143:ERROR:crash_report_database_win.cc(469)] failed to stat report
[0917/172844.143:ERROR:crash_report_database_win.cc(469)] failed to stat report
[0917/172844.143:ERROR:crash_report_database_win.cc(469)] failed to stat report
[0917/172844.143:ERROR:crash_report_database_win.cc(469)] failed to stat report
[0917/172844.143:ERROR:crash_report_database_win.cc(469)] failed to stat report
[0917/172844.143:ERROR:crash_report_database_win.cc(469)] failed to stat report
[0917/172844.143:ERROR:crash_report_database_win.cc(469)] failed to stat report
[0917/172844.143:ERROR:crash_report_database_win.cc(469)] failed to stat report
[0917/172844.143:ERROR:crash_report_database_win.cc(469)] failed to stat report
[0917/172844.143:ERROR:crash_report_database_win.cc(469)] failed to stat report
[0917/172844.143:ERROR:crash_report_database_win.cc(469)] failed to stat report
[0917/172844.143:ERROR:crash_report_database_win.cc(469)] failed to stat report
[0917/172844.144:ERROR:crash_report_database_win.cc(469)] failed to stat report
[0917/172844.144:ERROR:crash_report_database_win.cc(469)] failed to stat report
[0917/172844.144:ERROR:crash_report_database_win.cc(469)] failed to stat report
[0917/172844.144:ERROR:crash_report_database_win.cc(469)] failed to stat report
[0917/172844.144:ERROR:crash_report_database_win.cc(469)] failed to stat report
[0917/172844.144:ERROR:crash_report_database_win.cc(469)] failed to stat report
[0917/172844.144:ERROR:crash_report_database_win.cc(469)] failed to stat report
[0917/172844.144:ERROR:crash_report_database_win.cc(469)] failed to stat report
[0917/173306.907:ERROR:crash_report_database_win.cc(469)] failed to stat report
[0917/173306.907:ERROR:crash_report_database_win.cc(469)] failed to stat report
[0917/173306.907:ERROR:crash_report_database_win.cc(469)] failed to stat report
[0917/173306.907:ERROR:crash_report_database_win.cc(469)] failed to stat report
[0917/173306.907:ERROR:crash_report_database_win.cc(469)] failed to stat report
[0917/173306.907:ERROR:crash_report_database_win.cc(469)] failed to stat report
[0917/173306.907:ERROR:crash_report_database_win.cc(469)] failed to stat report
[0917/173306.907:ERROR:crash_report_database_win.cc(469)] failed to stat report
[0917/173306.907:ERROR:crash_report_database_win.cc(469)] failed to stat report
[0917/173306.907:ERROR:crash_report_database_win.cc(469)] failed to stat report
[0917/173306.907:ERROR:crash_report_database_win.cc(469)] failed to stat report
[0917/173306.908:ERROR:crash_report_database_win.cc(469)] failed to stat report
[0917/173306.908:ERROR:crash_report_database_win.cc(469)] failed to stat report
[0917/173306.908:ERROR:crash_report_database_win.cc(469)] failed to stat report
[0917/173306.908:ERROR:crash_report_database_win.cc(469)] failed to stat report
[0917/173306.908:ERROR:crash_report_database_win.cc(469)] failed to stat report
[0917/173306.908:ERROR:crash_report_database_win.cc(469)] failed to stat report
[0917/173306.908:ERROR:crash_report_database_win.cc(469)] failed to stat report
[0917/173306.908:ERROR:crash_report_database_win.cc(469)] failed to stat report
[0917/173306.908:ERROR:crash_report_database_win.cc(469)] failed to stat report
[0917/173306.908:ERROR:crash_report_database_win.cc(469)] failed to stat report
[0917/174344.146:ERROR:crash_report_database_win.cc(469)] failed to stat report
[0917/174344.146:ERROR:crash_report_database_win.cc(469)] failed to stat report
[0917/174344.146:ERROR:crash_report_database_win.cc(469)] failed to stat report
[0917/174344.146:ERROR:crash_report_database_win.cc(469)] failed to stat report
[0917/174344.146:ERROR:crash_report_database_win.cc(469)] failed to stat report
[0917/174344.146:ERROR:crash_report_database_win.cc(469)] failed to stat report
[0917/174344.146:ERROR:crash_report_database_win.cc(469)] failed to stat report
[0917/174344.146:ERROR:crash_report_database_win.cc(469)] failed to stat report
[0917/174344.146:ERROR:crash_report_database_win.cc(469)] failed to stat report
[0917/174344.146:ERROR:crash_report_database_win.cc(469)] failed to stat report
[0917/174344.146:ERROR:crash_report_database_win.cc(469)] failed to stat report
[0917/174344.146:ERROR:crash_report_database_win.cc(469)] failed to stat report
[0917/174344.146:ERROR:crash_report_database_win.cc(469)] failed to stat report
[0917/174344.146:ERROR:crash_report_database_win.cc(469)] failed to stat report
[0917/174344.146:ERROR:crash_report_database_win.cc(469)] failed to stat report
[0917/174344.146:ERROR:crash_report_database_win.cc(469)] failed to stat report
[0917/174344.146:ERROR:crash_report_database_win.cc(469)] failed to stat report
[0917/174344.146:ERROR:crash_report_database_win.cc(469)] failed to stat report
[0917/174344.147:ERROR:crash_report_database_win.cc(469)] failed to stat report
[0917/174344.147:ERROR:crash_report_database_win.cc(469)] failed to stat report
[0917/174344.147:ERROR:crash_report_database_win.cc(469)] failed to stat report
[0917/174806.910:ERROR:crash_report_database_win.cc(469)] failed to stat report
[0917/174806.910:ERROR:crash_report_database_win.cc(469)] failed to stat report
[0917/174806.910:ERROR:crash_report_database_win.cc(469)] failed to stat report
[0917/174806.910:ERROR:crash_report_database_win.cc(469)] failed to stat report
[0917/174806.910:ERROR:crash_report_database_win.cc(469)] failed to stat report
[0917/174806.910:ERROR:crash_report_database_win.cc(469)] failed to stat report
[0917/174806.910:ERROR:crash_report_database_win.cc(469)] failed to stat report
[0917/174806.910:ERROR:crash_report_database_win.cc(469)] failed to stat report
[0917/174806.910:ERROR:crash_report_database_win.cc(469)] failed to stat report
[0917/174806.910:ERROR:crash_report_database_win.cc(469)] failed to stat report
[0917/174806.910:ERROR:crash_report_database_win.cc(469)] failed to stat report
[0917/174806.911:ERROR:crash_report_database_win.cc(469)] failed to stat report
[0917/174806.911:ERROR:crash_report_database_win.cc(469)] failed to stat report
[0917/174806.911:ERROR:crash_report_database_win.cc(469)] failed to stat report
[0917/174806.911:ERROR:crash_report_database_win.cc(469)] failed to stat report
[0917/174806.911:ERROR:crash_report_database_win.cc(469)] failed to stat report
[0917/174806.911:ERROR:crash_report_database_win.cc(469)] failed to stat report
[0917/174806.911:ERROR:crash_report_database_win.cc(469)] failed to stat report
[0917/174806.911:ERROR:crash_report_database_win.cc(469)] failed to stat report
[0917/174806.911:ERROR:crash_report_database_win.cc(469)] failed to stat report
[0917/174806.911:ERROR:crash_report_database_win.cc(469)] failed to stat report
[0917/175723.707:ERROR:crash_report_database_win.cc(469)] failed to stat report
[0917/175723.707:ERROR:crash_report_database_win.cc(469)] failed to stat report
[0917/175723.707:ERROR:crash_report_database_win.cc(469)] failed to stat report
[0917/175723.707:ERROR:crash_report_database_win.cc(469)] failed to stat report
[0917/175723.707:ERROR:crash_report_database_win.cc(469)] failed to stat report
[0917/175723.707:ERROR:crash_report_database_win.cc(469)] failed to stat report
[0917/175723.707:ERROR:crash_report_database_win.cc(469)] failed to stat report
[0917/175723.707:ERROR:crash_report_database_win.cc(469)] failed to stat report
[0917/175723.707:ERROR:crash_report_database_win.cc(469)] failed to stat report
[0917/175723.707:ERROR:crash_report_database_win.cc(469)] failed to stat report
[0917/175723.708:ERROR:crash_report_database_win.cc(469)] failed to stat report
[0917/175723.708:ERROR:crash_report_database_win.cc(469)] failed to stat report
[0917/175723.708:ERROR:crash_report_database_win.cc(469)] failed to stat report
[0917/175723.708:ERROR:crash_report_database_win.cc(469)] failed to stat report
[0917/175723.708:ERROR:crash_report_database_win.cc(469)] failed to stat report
[0917/175723.708:ERROR:crash_report_database_win.cc(469)] failed to stat report
[0917/175723.708:ERROR:crash_report_database_win.cc(469)] failed to stat report
[0917/175723.708:ERROR:crash_report_database_win.cc(469)] failed to stat report
[0917/175723.708:ERROR:crash_report_database_win.cc(469)] failed to stat report
[0917/175723.708:ERROR:crash_report_database_win.cc(469)] failed to stat report
[0917/175723.708:ERROR:crash_report_database_win.cc(469)] failed to stat report
[0917/175844.149:ERROR:crash_report_database_win.cc(469)] failed to stat report
[0917/175844.149:ERROR:crash_report_database_win.cc(469)] failed to stat report
[0917/175844.149:ERROR:crash_report_database_win.cc(469)] failed to stat report
[0917/175844.149:ERROR:crash_report_database_win.cc(469)] failed to stat report
[0917/175844.149:ERROR:crash_report_database_win.cc(469)] failed to stat report
[0917/175844.149:ERROR:crash_report_database_win.cc(469)] failed to stat report
[0917/175844.149:ERROR:crash_report_database_win.cc(469)] failed to stat report
[0917/175844.149:ERROR:crash_report_database_win.cc(469)] failed to stat report
[0917/175844.149:ERROR:crash_report_database_win.cc(469)] failed to stat report
[0917/175844.149:ERROR:crash_report_database_win.cc(469)] failed to stat report
[0917/175844.149:ERROR:crash_report_database_win.cc(469)] failed to stat report
[0917/175844.149:ERROR:crash_report_database_win.cc(469)] failed to stat report
[0917/175844.149:ERROR:crash_report_database_win.cc(469)] failed to stat report
[0917/175844.149:ERROR:crash_report_database_win.cc(469)] failed to stat report
[0917/175844.149:ERROR:crash_report_database_win.cc(469)] failed to stat report
[0917/175844.149:ERROR:crash_report_database_win.cc(469)] failed to stat report
[0917/175844.149:ERROR:crash_report_database_win.cc(469)] failed to stat report
[0917/175844.149:ERROR:crash_report_database_win.cc(469)] failed to stat report
[0917/175844.149:ERROR:crash_report_database_win.cc(469)] failed to stat report
[0917/175844.149:ERROR:crash_report_database_win.cc(469)] failed to stat report
[0917/175844.149:ERROR:crash_report_database_win.cc(469)] failed to stat report
[0917/181344.151:ERROR:crash_report_database_win.cc(469)] failed to stat report
[0917/181344.151:ERROR:crash_report_database_win.cc(469)] failed to stat report
[0917/181344.151:ERROR:crash_report_database_win.cc(469)] failed to stat report
[0917/181344.151:ERROR:crash_report_database_win.cc(469)] failed to stat report
[0917/181344.151:ERROR:crash_report_database_win.cc(469)] failed to stat report
[0917/181344.151:ERROR:crash_report_database_win.cc(469)] failed to stat report
[0917/181344.151:ERROR:crash_report_database_win.cc(469)] failed to stat report
[0917/181344.151:ERROR:crash_report_database_win.cc(469)] failed to stat report
[0917/181344.151:ERROR:crash_report_database_win.cc(469)] failed to stat report
[0917/181344.151:ERROR:crash_report_database_win.cc(469)] failed to stat report
[0917/181344.151:ERROR:crash_report_database_win.cc(469)] failed to stat report
[0917/181344.151:ERROR:crash_report_database_win.cc(469)] failed to stat report
[0917/181344.151:ERROR:crash_report_database_win.cc(469)] failed to stat report
[0917/181344.151:ERROR:crash_report_database_win.cc(469)] failed to stat report
[0917/181344.152:ERROR:crash_report_database_win.cc(469)] failed to stat report
[0917/181344.152:ERROR:crash_report_database_win.cc(469)] failed to stat report
[0917/181344.152:ERROR:crash_report_database_win.cc(469)] failed to stat report
[0917/181344.152:ERROR:crash_report_database_win.cc(469)] failed to stat report
[0917/181344.152:ERROR:crash_report_database_win.cc(469)] failed to stat report
[0917/181344.152:ERROR:crash_report_database_win.cc(469)] failed to stat report
[0917/181344.152:ERROR:crash_report_database_win.cc(469)] failed to stat report
